2026-05-20T00:28:55.864-04:00  INFO 25692 --- [LogiStock_MS_03_Proveedor] [main] c.e.L.LogiStockMs03ProveedorApplication  : Starting LogiStockMs03ProveedorApplication using Java 21.0.8 with PID 25692 (C:\Users\pinom\OneDrive\Desktop\microservicios\LogiStock_MS_03_Proveedor\target\classes started by pinom in C:\Users\pinom\OneDrive\Desktop\microservicios\LogiStock_MS_03_Proveedor)
2026-05-20T00:28:55.866-04:00  INFO 25692 --- [LogiStock_MS_03_Proveedor] [main] c.e.L.LogiStockMs03ProveedorApplication  : No active profile set, falling back to 1 default profile: "default"
2026-05-20T00:28:56.303-04:00  INFO 25692 --- [LogiStock_MS_03_Proveedor] [main] .s.d.r.c.RepositoryConfigurationDelegate : Bootstrapping Spring Data JPA repositories in DEFAULT mode.
2026-05-20T00:28:56.345-04:00  INFO 25692 --- [LogiStock_MS_03_Proveedor] [main] .s.d.r.c.RepositoryConfigurationDelegate : Finished Spring Data repository scanning in 36 ms. Found 1 JPA repository interface.
2026-05-20T00:28:56.455-04:00  INFO 25692 --- [LogiStock_MS_03_Proveedor] [main] o.s.cloud.context.scope.GenericScope     : BeanFactory id=d3ec85f0-2531-3225-8372-9eeb99ea6e83
2026-05-20T00:28:56.736-04:00  INFO 25692 --- [LogiStock_MS_03_Proveedor] [main] o.s.b.w.embedded.tomcat.TomcatWebServer  : Tomcat initialized with port 8083 (http)
2026-05-20T00:28:56.746-04:00  INFO 25692 --- [LogiStock_MS_03_Proveedor] [main] o.apache.catalina.core.StandardService   : Starting service [Tomcat]
2026-05-20T00:28:56.746-04:00  INFO 25692 --- [LogiStock_MS_03_Proveedor] [main] o.apache.catalina.core.StandardEngine    : Starting Servlet engine: [Apache Tomcat/10.1.36]
2026-05-20T00:28:56.794-04:00  INFO 25692 --- [LogiStock_MS_03_Proveedor] [main] o.a.c.c.C.[Tomcat].[localhost].[/]       : Initializing Spring embedded WebApplicationContext
2026-05-20T00:28:56.794-04:00  INFO 25692 --- [LogiStock_MS_03_Proveedor] [main] w.s.c.ServletWebServerApplicationContext : Root WebApplicationContext: initialization completed in 897 ms
2026-05-20T00:28:56.887-04:00  INFO 25692 --- [LogiStock_MS_03_Proveedor] [main] o.hibernate.jpa.internal.util.LogHelper  : HHH000204: Processing PersistenceUnitInfo [name: default]
2026-05-20T00:28:56.924-04:00  INFO 25692 --- [LogiStock_MS_03_Proveedor] [main] org.hibernate.Version                    : HHH000412: Hibernate ORM core version 6.6.8.Final
2026-05-20T00:28:56.949-04:00  INFO 25692 --- [LogiStock_MS_03_Proveedor] [main] o.h.c.internal.RegionFactoryInitiator    : HHH000026: Second-level cache disabled
2026-05-20T00:28:57.135-04:00  INFO 25692 --- [LogiStock_MS_03_Proveedor] [main] o.s.o.j.p.SpringPersistenceUnitInfo      : No LoadTimeWeaver setup: ignoring JPA class transformer
2026-05-20T00:28:57.156-04:00  INFO 25692 --- [LogiStock_MS_03_Proveedor] [main] com.zaxxer.hikari.HikariDataSource       : HikariPool-1 - Starting...
2026-05-20T00:28:57.266-04:00  INFO 25692 --- [LogiStock_MS_03_Proveedor] [main] com.zaxxer.hikari.pool.HikariPool        : HikariPool-1 - Added connection com.mysql.cj.jdbc.ConnectionImpl@779228dc
2026-05-20T00:28:57.266-04:00  INFO 25692 --- [LogiStock_MS_03_Proveedor] [main] com.zaxxer.hikari.HikariDataSource       : HikariPool-1 - Start completed.
2026-05-20T00:28:57.304-04:00  WARN 25692 --- [LogiStock_MS_03_Proveedor] [main] org.hibernate.orm.deprecation            : HHH90000025: MySQLDialect does not need to be specified explicitly using 'hibernate.dialect' (remove the property setting and it will be selected by default)
2026-05-20T00:28:57.317-04:00  INFO 25692 --- [LogiStock_MS_03_Proveedor] [main] org.hibernate.orm.connections.pooling    : HHH10001005: Database info:
	Database JDBC URL [Connecting through datasource 'HikariDataSource (HikariPool-1)']
	Database driver: undefined/unknown
	Database version: 8.0.46
	Autocommit mode: undefined/unknown
	Isolation level: undefined/unknown
	Minimum pool size: undefined/unknown
	Maximum pool size: undefined/unknown
2026-05-20T00:28:57.872-04:00  INFO 25692 --- [LogiStock_MS_03_Proveedor] [main] o.h.e.t.j.p.i.JtaPlatformInitiator       : HHH000489: No JTA platform available (set 'hibernate.transaction.jta.platform' to enable JTA platform integration)
2026-05-20T00:28:57.959-04:00  INFO 25692 --- [LogiStock_MS_03_Proveedor] [main] j.LocalContainerEntityManagerFactoryBean : Initialized JPA EntityManagerFactory for persistence unit 'default'
2026-05-20T00:28:58.183-04:00  WARN 25692 --- [LogiStock_MS_03_Proveedor] [main] JpaBaseConfiguration$JpaWebConfiguration : spring.jpa.open-in-view is enabled by default. Therefore, database queries may be performed during view rendering. Explicitly configure spring.jpa.open-in-view to disable this warning
2026-05-20T00:28:58.461-04:00  INFO 25692 --- [LogiStock_MS_03_Proveedor] [main] o.s.b.w.embedded.tomcat.TomcatWebServer  : Tomcat started on port 8083 (http) with context path '/'
2026-05-20T00:28:58.468-04:00  INFO 25692 --- [LogiStock_MS_03_Proveedor] [main] c.e.L.LogiStockMs03ProveedorApplication  : Started LogiStockMs03ProveedorApplication in 2.95 seconds (process running for 3.292)
2026-05-20T00:31:00.295-04:00  INFO 25692 --- [LogiStock_MS_03_Proveedor] [SpringApplicationShutdownHook] o.s.b.w.e.tomcat.GracefulShutdown        : Commencing graceful shutdown. Waiting for active requests to complete
2026-05-20T00:31:00.306-04:00  INFO 25692 --- [LogiStock_MS_03_Proveedor] [tomcat-shutdown] o.s.b.w.e.tomcat.GracefulShutdown        : Graceful shutdown complete
2026-05-20T00:31:00.310-04:00  INFO 25692 --- [LogiStock_MS_03_Proveedor] [SpringApplicationShutdownHook] j.LocalContainerEntityManagerFactoryBean : Closing JPA EntityManagerFactory for persistence unit 'default'
2026-05-20T00:31:00.312-04:00  INFO 25692 --- [LogiStock_MS_03_Proveedor] [SpringApplicationShutdownHook] com.zaxxer.hikari.HikariDataSource       : HikariPool-1 - Shutdown initiated...
2026-05-20T00:31:00.314-04:00  INFO 25692 --- [LogiStock_MS_03_Proveedor] [SpringApplicationShutdownHook] com.zaxxer.hikari.HikariDataSource       : HikariPool-1 - Shutdown completed.
2026-05-20T19:25:18.179-04:00  INFO 3196 --- [LogiStock_MS_03_Proveedor] [main] c.e.L.LogiStockMs03ProveedorApplication  : Starting LogiStockMs03ProveedorApplication using Java 21.0.9 with PID 3196 (C:\Users\va-alumno\Desktop\LogiStock_MS\LogiStock_MS_03_Proveedor\target\classes started by VA-Alumno in C:\Users\va-alumno\Desktop\LogiStock_MS\LogiStock_MS_03_Proveedor)
2026-05-20T19:25:18.180-04:00  INFO 3196 --- [LogiStock_MS_03_Proveedor] [main] c.e.L.LogiStockMs03ProveedorApplication  : No active profile set, falling back to 1 default profile: "default"
2026-05-20T19:25:18.477-04:00  INFO 3196 --- [LogiStock_MS_03_Proveedor] [main] .s.d.r.c.RepositoryConfigurationDelegate : Bootstrapping Spring Data JPA repositories in DEFAULT mode.
2026-05-20T19:25:18.507-04:00  INFO 3196 --- [LogiStock_MS_03_Proveedor] [main] .s.d.r.c.RepositoryConfigurationDelegate : Finished Spring Data repository scanning in 26 ms. Found 1 JPA repository interface.
2026-05-20T19:25:18.584-04:00  INFO 3196 --- [LogiStock_MS_03_Proveedor] [main] o.s.cloud.context.scope.GenericScope     : BeanFactory id=d3ec85f0-2531-3225-8372-9eeb99ea6e83
2026-05-20T19:25:18.747-04:00  INFO 3196 --- [LogiStock_MS_03_Proveedor] [main] o.s.b.w.embedded.tomcat.TomcatWebServer  : Tomcat initialized with port 8083 (http)
2026-05-20T19:25:18.755-04:00  INFO 3196 --- [LogiStock_MS_03_Proveedor] [main] o.apache.catalina.core.StandardService   : Starting service [Tomcat]
2026-05-20T19:25:18.755-04:00  INFO 3196 --- [LogiStock_MS_03_Proveedor] [main] o.apache.catalina.core.StandardEngine    : Starting Servlet engine: [Apache Tomcat/10.1.36]
2026-05-20T19:25:18.782-04:00  INFO 3196 --- [LogiStock_MS_03_Proveedor] [main] o.a.c.c.C.[Tomcat].[localhost].[/]       : Initializing Spring embedded WebApplicationContext
2026-05-20T19:25:18.782-04:00  INFO 3196 --- [LogiStock_MS_03_Proveedor] [main] w.s.c.ServletWebServerApplicationContext : Root WebApplicationContext: initialization completed in 579 ms
2026-05-20T19:25:18.853-04:00  INFO 3196 --- [LogiStock_MS_03_Proveedor] [main] o.hibernate.jpa.internal.util.LogHelper  : HHH000204: Processing PersistenceUnitInfo [name: default]
2026-05-20T19:25:18.873-04:00  INFO 3196 --- [LogiStock_MS_03_Proveedor] [main] org.hibernate.Version                    : HHH000412: Hibernate ORM core version 6.6.8.Final
2026-05-20T19:25:18.887-04:00  INFO 3196 --- [LogiStock_MS_03_Proveedor] [main] o.h.c.internal.RegionFactoryInitiator    : HHH000026: Second-level cache disabled
2026-05-20T19:25:19.011-04:00  INFO 3196 --- [LogiStock_MS_03_Proveedor] [main] o.s.o.j.p.SpringPersistenceUnitInfo      : No LoadTimeWeaver setup: ignoring JPA class transformer
2026-05-20T19:25:19.025-04:00  INFO 3196 --- [LogiStock_MS_03_Proveedor] [main] com.zaxxer.hikari.HikariDataSource       : HikariPool-1 - Starting...
2026-05-20T19:25:19.107-04:00  INFO 3196 --- [LogiStock_MS_03_Proveedor] [main] com.zaxxer.hikari.pool.HikariPool        : HikariPool-1 - Added connection com.mysql.cj.jdbc.ConnectionImpl@75dc1c1c
2026-05-20T19:25:19.108-04:00  INFO 3196 --- [LogiStock_MS_03_Proveedor] [main] com.zaxxer.hikari.HikariDataSource       : HikariPool-1 - Start completed.
2026-05-20T19:25:19.126-04:00  WARN 3196 --- [LogiStock_MS_03_Proveedor] [main] org.hibernate.dialect.Dialect            : HHH000511: The 5.5.5 version for [org.hibernate.dialect.MySQLDialect] is no longer supported, hence certain features may not work properly. The minimum supported version is 8.0.0. Check the community dialects project for available legacy versions.
2026-05-20T19:25:19.128-04:00  WARN 3196 --- [LogiStock_MS_03_Proveedor] [main] org.hibernate.orm.deprecation            : HHH90000025: MySQLDialect does not need to be specified explicitly using 'hibernate.dialect' (remove the property setting and it will be selected by default)
2026-05-20T19:25:19.137-04:00  INFO 3196 --- [LogiStock_MS_03_Proveedor] [main] org.hibernate.orm.connections.pooling    : HHH10001005: Database info:
	Database JDBC URL [Connecting through datasource 'HikariDataSource (HikariPool-1)']
	Database driver: undefined/unknown
	Database version: 5.5.5
	Autocommit mode: undefined/unknown
	Isolation level: undefined/unknown
	Minimum pool size: undefined/unknown
	Maximum pool size: undefined/unknown
2026-05-20T19:25:19.496-04:00  INFO 3196 --- [LogiStock_MS_03_Proveedor] [main] o.h.e.t.j.p.i.JtaPlatformInitiator       : HHH000489: No JTA platform available (set 'hibernate.transaction.jta.platform' to enable JTA platform integration)
2026-05-20T19:25:19.854-04:00  INFO 3196 --- [LogiStock_MS_03_Proveedor] [main] j.LocalContainerEntityManagerFactoryBean : Initialized JPA EntityManagerFactory for persistence unit 'default'
2026-05-20T19:25:20.004-04:00  WARN 3196 --- [LogiStock_MS_03_Proveedor] [main] JpaBaseConfiguration$JpaWebConfiguration : spring.jpa.open-in-view is enabled by default. Therefore, database queries may be performed during view rendering. Explicitly configure spring.jpa.open-in-view to disable this warning
2026-05-20T19:25:21.175-04:00  INFO 3196 --- [LogiStock_MS_03_Proveedor] [main] o.s.cloud.commons.util.InetUtils         : Cannot determine local hostname
2026-05-20T19:25:21.213-04:00  INFO 3196 --- [LogiStock_MS_03_Proveedor] [main] o.s.b.w.embedded.tomcat.TomcatWebServer  : Tomcat started on port 8083 (http) with context path '/'
2026-05-20T19:25:22.224-04:00  INFO 3196 --- [LogiStock_MS_03_Proveedor] [main] o.s.cloud.commons.util.InetUtils         : Cannot determine local hostname
2026-05-20T19:25:22.228-04:00  INFO 3196 --- [LogiStock_MS_03_Proveedor] [main] c.e.L.LogiStockMs03ProveedorApplication  : Started LogiStockMs03ProveedorApplication in 5.297 seconds (process running for 5.602)
2026-05-20T19:25:45.398-04:00  INFO 3196 --- [LogiStock_MS_03_Proveedor] [SpringApplicationShutdownHook] o.s.b.w.e.tomcat.GracefulShutdown        : Commencing graceful shutdown. Waiting for active requests to complete
2026-05-20T19:25:45.404-04:00  INFO 3196 --- [LogiStock_MS_03_Proveedor] [tomcat-shutdown] o.s.b.w.e.tomcat.GracefulShutdown        : Graceful shutdown complete
2026-05-20T19:25:45.406-04:00  INFO 3196 --- [LogiStock_MS_03_Proveedor] [SpringApplicationShutdownHook] j.LocalContainerEntityManagerFactoryBean : Closing JPA EntityManagerFactory for persistence unit 'default'
2026-05-20T19:25:45.407-04:00  INFO 3196 --- [LogiStock_MS_03_Proveedor] [SpringApplicationShutdownHook] com.zaxxer.hikari.HikariDataSource       : HikariPool-1 - Shutdown initiated...
2026-05-20T19:25:45.410-04:00  INFO 3196 --- [LogiStock_MS_03_Proveedor] [SpringApplicationShutdownHook] com.zaxxer.hikari.HikariDataSource       : HikariPool-1 - Shutdown completed.
