2026-05-17T19:38:58.068-04:00  INFO 18887 --- [LogiStock_MS_01_Productos] [main] c.e.L.LogiStockMs01Application           : Starting LogiStockMs01Application using Java 21.0.10 with PID 18887 (/home/sebas/Escritorio/LogiStock_MS/LogiStock_MS_01_Productos/target/classes started by sebas in /home/sebas/Escritorio/LogiStock_MS)
2026-05-17T19:38:58.078-04:00  INFO 18887 --- [LogiStock_MS_01_Productos] [main] c.e.L.LogiStockMs01Application           : No active profile set, falling back to 1 default profile: "default"
2026-05-17T19:38:59.944-04:00  INFO 18887 --- [LogiStock_MS_01_Productos] [main] .s.d.r.c.RepositoryConfigurationDelegate : Bootstrapping Spring Data JPA repositories in DEFAULT mode.
2026-05-17T19:39:00.133-04:00  INFO 18887 --- [LogiStock_MS_01_Productos] [main] .s.d.r.c.RepositoryConfigurationDelegate : Finished Spring Data repository scanning in 156 ms. Found 2 JPA repository interfaces.
2026-05-17T19:39:01.332-04:00  INFO 18887 --- [LogiStock_MS_01_Productos] [main] o.s.boot.tomcat.TomcatWebServer          : Tomcat initialized with port 8080 (http)
2026-05-17T19:39:01.373-04:00  INFO 18887 --- [LogiStock_MS_01_Productos] [main] o.apache.catalina.core.StandardService   : Starting service [Tomcat]
2026-05-17T19:39:01.374-04:00  INFO 18887 --- [LogiStock_MS_01_Productos] [main] o.apache.catalina.core.StandardEngine    : Starting Servlet engine: [Apache Tomcat/11.0.21]
2026-05-17T19:39:01.494-04:00  INFO 18887 --- [LogiStock_MS_01_Productos] [main] b.w.c.s.WebApplicationContextInitializer : Root WebApplicationContext: initialization completed in 3254 ms
2026-05-17T19:39:02.546-04:00  INFO 18887 --- [LogiStock_MS_01_Productos] [main] com.zaxxer.hikari.HikariDataSource       : HikariPool-1 - Starting...
2026-05-17T19:39:03.403-04:00  INFO 18887 --- [LogiStock_MS_01_Productos] [main] com.zaxxer.hikari.pool.HikariPool        : HikariPool-1 - Added connection com.mysql.cj.jdbc.ConnectionImpl@65844c96
2026-05-17T19:39:03.408-04:00  INFO 18887 --- [LogiStock_MS_01_Productos] [main] com.zaxxer.hikari.HikariDataSource       : HikariPool-1 - Start completed.
2026-05-17T19:39:03.540-04:00  INFO 18887 --- [LogiStock_MS_01_Productos] [main] org.flywaydb.core.FlywayExecutor         : Database: jdbc:mysql://localhost:3306/logiStock (MySQL 8.0)
2026-05-17T19:39:03.751-04:00  INFO 18887 --- [LogiStock_MS_01_Productos] [main] o.f.core.internal.command.DbValidate     : Successfully validated 4 migrations (execution time 00:00.105s)
2026-05-17T19:39:03.809-04:00  INFO 18887 --- [LogiStock_MS_01_Productos] [main] o.f.core.internal.command.DbMigrate      : Current version of schema `logiStock`: 4
2026-05-17T19:39:03.821-04:00  INFO 18887 --- [LogiStock_MS_01_Productos] [main] o.f.core.internal.command.DbMigrate      : Schema `logiStock` is up to date. No migration necessary.
2026-05-17T19:39:04.119-04:00  INFO 18887 --- [LogiStock_MS_01_Productos] [main] org.hibernate.orm.jpa                    : HHH008540: Processing PersistenceUnitInfo [name: default]
2026-05-17T19:39:04.282-04:00  INFO 18887 --- [LogiStock_MS_01_Productos] [main] org.hibernate.orm.core                   : HHH000001: Hibernate ORM core version 7.2.12.Final
2026-05-17T19:39:05.521-04:00  INFO 18887 --- [LogiStock_MS_01_Productos] [main] o.s.o.j.p.SpringPersistenceUnitInfo      : No LoadTimeWeaver setup: ignoring JPA class transformer
2026-05-17T19:39:05.704-04:00  INFO 18887 --- [LogiStock_MS_01_Productos] [main] org.hibernate.orm.connections.pooling    : HHH10001005: Database info:
	Database JDBC URL [jdbc:mysql://localhost:3306/logiStock]
	Database driver: MySQL Connector/J
	Database dialect: MySQLDialect
	Database version: 8.0.45
	Default catalog/schema: logiStock/undefined
	Autocommit mode: undefined/unknown
	Isolation level: REPEATABLE_READ [default REPEATABLE_READ]
	JDBC fetch size: none
	Pool: DataSourceConnectionProvider
	Minimum pool size: undefined/unknown
	Maximum pool size: undefined/unknown
2026-05-17T19:39:07.355-04:00  INFO 18887 --- [LogiStock_MS_01_Productos] [main] org.hibernate.orm.core                   : HHH000489: No JTA platform available (set 'hibernate.transaction.jta.platform' to enable JTA platform integration)
2026-05-17T19:39:07.448-04:00  INFO 18887 --- [LogiStock_MS_01_Productos] [main] j.LocalContainerEntityManagerFactoryBean : Initialized JPA EntityManagerFactory for persistence unit 'default'
2026-05-17T19:39:07.629-04:00  INFO 18887 --- [LogiStock_MS_01_Productos] [main] o.s.d.j.r.query.QueryEnhancerFactories   : Hibernate is in classpath; If applicable, HQL parser will be used.
2026-05-17T19:39:08.063-04:00  WARN 18887 --- [LogiStock_MS_01_Productos] [main] JpaBaseConfiguration$JpaWebConfiguration : spring.jpa.open-in-view is enabled by default. Therefore, database queries may be performed during view rendering. Explicitly configure spring.jpa.open-in-view to disable this warning
2026-05-17T19:39:08.932-04:00  INFO 18887 --- [LogiStock_MS_01_Productos] [main] o.s.boot.tomcat.TomcatWebServer          : Tomcat started on port 8080 (http) with context path '/'
2026-05-17T19:39:08.952-04:00  INFO 18887 --- [LogiStock_MS_01_Productos] [main] c.e.L.LogiStockMs01Application           : Started LogiStockMs01Application in 12.2 seconds (process running for 13.309)
2026-05-19T16:31:17.532-04:00  INFO 6559 --- [LogiStock_MS_01_Productos] [main] c.e.L.LogiStockMs01Application           : Starting LogiStockMs01Application using Java 21.0.10 with PID 6559 (/home/sebas/Escritorio/LogiStock_MS/LogiStock_MS_01_Productos/target/classes started by sebas in /home/sebas/Escritorio/LogiStock_MS)
2026-05-19T16:31:17.540-04:00  INFO 6559 --- [LogiStock_MS_01_Productos] [main] c.e.L.LogiStockMs01Application           : No active profile set, falling back to 1 default profile: "default"
2026-05-19T16:31:19.140-04:00  INFO 6559 --- [LogiStock_MS_01_Productos] [main] .s.d.r.c.RepositoryConfigurationDelegate : Bootstrapping Spring Data JPA repositories in DEFAULT mode.
2026-05-19T16:31:19.295-04:00  INFO 6559 --- [LogiStock_MS_01_Productos] [main] .s.d.r.c.RepositoryConfigurationDelegate : Finished Spring Data repository scanning in 132 ms. Found 2 JPA repository interfaces.
2026-05-19T16:31:20.330-04:00  INFO 6559 --- [LogiStock_MS_01_Productos] [main] o.s.boot.tomcat.TomcatWebServer          : Tomcat initialized with port 8080 (http)
2026-05-19T16:31:20.360-04:00  INFO 6559 --- [LogiStock_MS_01_Productos] [main] o.apache.catalina.core.StandardService   : Starting service [Tomcat]
2026-05-19T16:31:20.361-04:00  INFO 6559 --- [LogiStock_MS_01_Productos] [main] o.apache.catalina.core.StandardEngine    : Starting Servlet engine: [Apache Tomcat/11.0.21]
2026-05-19T16:31:20.480-04:00  INFO 6559 --- [LogiStock_MS_01_Productos] [main] b.w.c.s.WebApplicationContextInitializer : Root WebApplicationContext: initialization completed in 2813 ms
2026-05-19T16:31:21.349-04:00  INFO 6559 --- [LogiStock_MS_01_Productos] [main] com.zaxxer.hikari.HikariDataSource       : HikariPool-1 - Starting...
2026-05-19T16:31:22.037-04:00  INFO 6559 --- [LogiStock_MS_01_Productos] [main] com.zaxxer.hikari.pool.HikariPool        : HikariPool-1 - Added connection com.mysql.cj.jdbc.ConnectionImpl@22865072
2026-05-19T16:31:22.041-04:00  INFO 6559 --- [LogiStock_MS_01_Productos] [main] com.zaxxer.hikari.HikariDataSource       : HikariPool-1 - Start completed.
2026-05-19T16:31:22.167-04:00  INFO 6559 --- [LogiStock_MS_01_Productos] [main] org.flywaydb.core.FlywayExecutor         : Database: jdbc:mysql://localhost:3306/logiStock (MySQL 8.0)
2026-05-19T16:31:22.358-04:00  INFO 6559 --- [LogiStock_MS_01_Productos] [main] o.f.core.internal.command.DbValidate     : Successfully validated 4 migrations (execution time 00:00.118s)
2026-05-19T16:31:22.412-04:00  INFO 6559 --- [LogiStock_MS_01_Productos] [main] o.f.core.internal.command.DbMigrate      : Current version of schema `logiStock`: 4
2026-05-19T16:31:22.425-04:00  INFO 6559 --- [LogiStock_MS_01_Productos] [main] o.f.core.internal.command.DbMigrate      : Schema `logiStock` is up to date. No migration necessary.
2026-05-19T16:31:22.657-04:00  INFO 6559 --- [LogiStock_MS_01_Productos] [main] org.hibernate.orm.jpa                    : HHH008540: Processing PersistenceUnitInfo [name: default]
2026-05-19T16:31:22.783-04:00  INFO 6559 --- [LogiStock_MS_01_Productos] [main] org.hibernate.orm.core                   : HHH000001: Hibernate ORM core version 7.2.12.Final
2026-05-19T16:31:23.521-04:00  INFO 6559 --- [LogiStock_MS_01_Productos] [main] o.s.o.j.p.SpringPersistenceUnitInfo      : No LoadTimeWeaver setup: ignoring JPA class transformer
2026-05-19T16:31:23.673-04:00  INFO 6559 --- [LogiStock_MS_01_Productos] [main] org.hibernate.orm.connections.pooling    : HHH10001005: Database info:
	Database JDBC URL [jdbc:mysql://localhost:3306/logiStock]
	Database driver: MySQL Connector/J
	Database dialect: MySQLDialect
	Database version: 8.0.45
	Default catalog/schema: logiStock/undefined
	Autocommit mode: undefined/unknown
	Isolation level: REPEATABLE_READ [default REPEATABLE_READ]
	JDBC fetch size: none
	Pool: DataSourceConnectionProvider
	Minimum pool size: undefined/unknown
	Maximum pool size: undefined/unknown
2026-05-19T16:31:25.002-04:00  INFO 6559 --- [LogiStock_MS_01_Productos] [main] org.hibernate.orm.core                   : HHH000489: No JTA platform available (set 'hibernate.transaction.jta.platform' to enable JTA platform integration)
2026-05-19T16:31:25.095-04:00  INFO 6559 --- [LogiStock_MS_01_Productos] [main] j.LocalContainerEntityManagerFactoryBean : Initialized JPA EntityManagerFactory for persistence unit 'default'
2026-05-19T16:31:25.254-04:00  INFO 6559 --- [LogiStock_MS_01_Productos] [main] o.s.d.j.r.query.QueryEnhancerFactories   : Hibernate is in classpath; If applicable, HQL parser will be used.
2026-05-19T16:31:25.530-04:00  WARN 6559 --- [LogiStock_MS_01_Productos] [main] JpaBaseConfiguration$JpaWebConfiguration : spring.jpa.open-in-view is enabled by default. Therefore, database queries may be performed during view rendering. Explicitly configure spring.jpa.open-in-view to disable this warning
2026-05-19T16:31:26.155-04:00  INFO 6559 --- [LogiStock_MS_01_Productos] [main] o.s.boot.tomcat.TomcatWebServer          : Tomcat started on port 8080 (http) with context path '/'
2026-05-19T16:31:26.171-04:00  INFO 6559 --- [LogiStock_MS_01_Productos] [main] c.e.L.LogiStockMs01Application           : Started LogiStockMs01Application in 9.821 seconds (process running for 10.478)
2026-05-19T16:31:49.928-04:00  INFO 6559 --- [LogiStock_MS_01_Productos] [SpringApplicationShutdownHook] o.s.boot.tomcat.GracefulShutdown         : Commencing graceful shutdown. Waiting for active requests to complete
2026-05-19T16:31:49.933-04:00  INFO 6559 --- [LogiStock_MS_01_Productos] [tomcat-shutdown] o.s.boot.tomcat.GracefulShutdown         : Graceful shutdown complete
2026-05-19T16:31:49.940-04:00  INFO 6559 --- [LogiStock_MS_01_Productos] [SpringApplicationShutdownHook] j.LocalContainerEntityManagerFactoryBean : Closing JPA EntityManagerFactory for persistence unit 'default'
2026-05-19T16:31:49.946-04:00  INFO 6559 --- [LogiStock_MS_01_Productos] [SpringApplicationShutdownHook] com.zaxxer.hikari.HikariDataSource       : HikariPool-1 - Shutdown initiated...
2026-05-19T16:31:49.960-04:00  INFO 6559 --- [LogiStock_MS_01_Productos] [SpringApplicationShutdownHook] com.zaxxer.hikari.HikariDataSource       : HikariPool-1 - Shutdown completed.
2026-05-20T14:23:44.734-04:00  INFO 31968 --- [LogiStock_MS_01_Productos] [main] c.e.L.LogiStockMs01Application           : Starting LogiStockMs01Application using Java 21.0.10 with PID 31968 (/home/sebas/Escritorio/LogiStock_MS/LogiStock_MS_01_Productos/target/classes started by sebas in /home/sebas/Escritorio/LogiStock_MS)
2026-05-20T14:23:44.743-04:00  INFO 31968 --- [LogiStock_MS_01_Productos] [main] c.e.L.LogiStockMs01Application           : No active profile set, falling back to 1 default profile: "default"
2026-05-20T14:23:46.508-04:00  INFO 31968 --- [LogiStock_MS_01_Productos] [main] .s.d.r.c.RepositoryConfigurationDelegate : Bootstrapping Spring Data JPA repositories in DEFAULT mode.
2026-05-20T14:23:46.661-04:00  INFO 31968 --- [LogiStock_MS_01_Productos] [main] .s.d.r.c.RepositoryConfigurationDelegate : Finished Spring Data repository scanning in 130 ms. Found 2 JPA repository interfaces.
2026-05-20T14:23:47.775-04:00  INFO 31968 --- [LogiStock_MS_01_Productos] [main] o.s.boot.tomcat.TomcatWebServer          : Tomcat initialized with port 8080 (http)
2026-05-20T14:23:47.805-04:00  INFO 31968 --- [LogiStock_MS_01_Productos] [main] o.apache.catalina.core.StandardService   : Starting service [Tomcat]
2026-05-20T14:23:47.806-04:00  INFO 31968 --- [LogiStock_MS_01_Productos] [main] o.apache.catalina.core.StandardEngine    : Starting Servlet engine: [Apache Tomcat/11.0.21]
2026-05-20T14:23:47.919-04:00  INFO 31968 --- [LogiStock_MS_01_Productos] [main] b.w.c.s.WebApplicationContextInitializer : Root WebApplicationContext: initialization completed in 3051 ms
2026-05-20T14:23:48.826-04:00  INFO 31968 --- [LogiStock_MS_01_Productos] [main] com.zaxxer.hikari.HikariDataSource       : HikariPool-1 - Starting...
2026-05-20T14:23:49.582-04:00  INFO 31968 --- [LogiStock_MS_01_Productos] [main] com.zaxxer.hikari.pool.HikariPool        : HikariPool-1 - Added connection com.mysql.cj.jdbc.ConnectionImpl@5cd8d029
2026-05-20T14:23:49.586-04:00  INFO 31968 --- [LogiStock_MS_01_Productos] [main] com.zaxxer.hikari.HikariDataSource       : HikariPool-1 - Start completed.
2026-05-20T14:23:49.725-04:00  INFO 31968 --- [LogiStock_MS_01_Productos] [main] org.flywaydb.core.FlywayExecutor         : Database: jdbc:mysql://localhost:3306/logiStock (MySQL 8.0)
2026-05-20T14:23:49.948-04:00  WARN 31968 --- [LogiStock_MS_01_Productos] [main] ConfigServletWebServerApplicationContext : Exception encountered during context initialization - cancelling refresh attempt: org.springframework.beans.factory.BeanCreationException: Error creating bean with name 'entityManagerFactory' defined in class path resource [org/springframework/boot/hibernate/autoconfigure/HibernateJpaConfiguration.class]: Failed to initialize dependency 'flywayInitializer' of LoadTimeWeaverAware bean 'entityManagerFactory': Error creating bean with name 'flywayInitializer' defined in class path resource [org/springframework/boot/flyway/autoconfigure/FlywayAutoConfiguration$FlywayConfiguration.class]: Validate failed: Migrations have failed validation
Migration description mismatch for migration version 4
-> Applied to database : insertar pelicula categoria
-> Resolved locally    : insertar producto categoria
Either revert the changes to the migration, or run repair to update the schema history.
Need more flexibility with validation rules? Learn more: https://rd.gt/3AbJUZE
2026-05-20T14:23:49.949-04:00  INFO 31968 --- [LogiStock_MS_01_Productos] [main] com.zaxxer.hikari.HikariDataSource       : HikariPool-1 - Shutdown initiated...
2026-05-20T14:23:50.023-04:00  INFO 31968 --- [LogiStock_MS_01_Productos] [main] com.zaxxer.hikari.HikariDataSource       : HikariPool-1 - Shutdown completed.
2026-05-20T14:23:50.029-04:00  INFO 31968 --- [LogiStock_MS_01_Productos] [main] o.apache.catalina.core.StandardService   : Stopping service [Tomcat]
2026-05-20T14:23:50.047-04:00  INFO 31968 --- [LogiStock_MS_01_Productos] [main] .s.b.a.l.ConditionEvaluationReportLogger : 

Error starting ApplicationContext. To display the condition evaluation report re-run your application with 'debug' enabled.
2026-05-20T14:23:50.088-04:00 ERROR 31968 --- [LogiStock_MS_01_Productos] [main] o.s.boot.SpringApplication               : Application run failed

org.springframework.beans.factory.BeanCreationException: Error creating bean with name 'entityManagerFactory' defined in class path resource [org/springframework/boot/hibernate/autoconfigure/HibernateJpaConfiguration.class]: Failed to initialize dependency 'flywayInitializer' of LoadTimeWeaverAware bean 'entityManagerFactory': Error creating bean with name 'flywayInitializer' defined in class path resource [org/springframework/boot/flyway/autoconfigure/FlywayAutoConfiguration$FlywayConfiguration.class]: Validate failed: Migrations have failed validation
Migration description mismatch for migration version 4
-> Applied to database : insertar pelicula categoria
-> Resolved locally    : insertar producto categoria
Either revert the changes to the migration, or run repair to update the schema history.
Need more flexibility with validation rules? Learn more: https://rd.gt/3AbJUZE
	at org.springframework.beans.factory.support.AbstractBeanFactory.doGetBean(AbstractBeanFactory.java:322) ~[spring-beans-7.0.7.jar:7.0.7]
	at org.springframework.beans.factory.support.AbstractBeanFactory.getBean(AbstractBeanFactory.java:201) ~[spring-beans-7.0.7.jar:7.0.7]
	at org.springframework.context.support.AbstractApplicationContext.finishBeanFactoryInitialization(AbstractApplicationContext.java:977) ~[spring-context-7.0.7.jar:7.0.7]
	at org.springframework.context.support.AbstractApplicationContext.refresh(AbstractApplicationContext.java:621) ~[spring-context-7.0.7.jar:7.0.7]
	at org.springframework.boot.web.server.servlet.context.ServletWebServerApplicationContext.refresh(ServletWebServerApplicationContext.java:143) ~[spring-boot-web-server-4.0.6.jar:4.0.6]
	at org.springframework.boot.SpringApplication.refresh(SpringApplication.java:756) ~[spring-boot-4.0.6.jar:4.0.6]
	at org.springframework.boot.SpringApplication.refreshContext(SpringApplication.java:445) ~[spring-boot-4.0.6.jar:4.0.6]
	at org.springframework.boot.SpringApplication.run(SpringApplication.java:321) ~[spring-boot-4.0.6.jar:4.0.6]
	at org.springframework.boot.SpringApplication.run(SpringApplication.java:1365) ~[spring-boot-4.0.6.jar:4.0.6]
	at org.springframework.boot.SpringApplication.run(SpringApplication.java:1354) ~[spring-boot-4.0.6.jar:4.0.6]
	at com.example.LogiStock_MS_01.LogiStockMs01Application.main(LogiStockMs01Application.java:10) ~[classes/:na]
Caused by: org.springframework.beans.factory.BeanCreationException: Error creating bean with name 'flywayInitializer' defined in class path resource [org/springframework/boot/flyway/autoconfigure/FlywayAutoConfiguration$FlywayConfiguration.class]: Validate failed: Migrations have failed validation
Migration description mismatch for migration version 4
-> Applied to database : insertar pelicula categoria
-> Resolved locally    : insertar producto categoria
Either revert the changes to the migration, or run repair to update the schema history.
Need more flexibility with validation rules? Learn more: https://rd.gt/3AbJUZE
	at org.springframework.beans.factory.support.AbstractAutowireCapableBeanFactory.initializeBean(AbstractAutowireCapableBeanFactory.java:1817) ~[spring-beans-7.0.7.jar:7.0.7]
	at org.springframework.beans.factory.support.AbstractAutowireCapableBeanFactory.doCreateBean(AbstractAutowireCapableBeanFactory.java:603) ~[spring-beans-7.0.7.jar:7.0.7]
	at org.springframework.beans.factory.support.AbstractAutowireCapableBeanFactory.createBean(AbstractAutowireCapableBeanFactory.java:525) ~[spring-beans-7.0.7.jar:7.0.7]
	at org.springframework.beans.factory.support.AbstractBeanFactory.lambda$doGetBean$0(AbstractBeanFactory.java:333) ~[spring-beans-7.0.7.jar:7.0.7]
	at org.springframework.beans.factory.support.DefaultSingletonBeanRegistry.getSingleton(DefaultSingletonBeanRegistry.java:371) ~[spring-beans-7.0.7.jar:7.0.7]
	at org.springframework.beans.factory.support.AbstractBeanFactory.doGetBean(AbstractBeanFactory.java:331) ~[spring-beans-7.0.7.jar:7.0.7]
	at org.springframework.beans.factory.support.AbstractBeanFactory.getBean(AbstractBeanFactory.java:196) ~[spring-beans-7.0.7.jar:7.0.7]
	at org.springframework.beans.factory.support.AbstractBeanFactory.doGetBean(AbstractBeanFactory.java:309) ~[spring-beans-7.0.7.jar:7.0.7]
	... 10 common frames omitted
Caused by: org.flywaydb.core.api.exception.FlywayValidateException: Validate failed: Migrations have failed validation
Migration description mismatch for migration version 4
-> Applied to database : insertar pelicula categoria
-> Resolved locally    : insertar producto categoria
Either revert the changes to the migration, or run repair to update the schema history.
Need more flexibility with validation rules? Learn more: https://rd.gt/3AbJUZE
	at org.flywaydb.core.Flyway.lambda$migrate$3(Flyway.java:199) ~[flyway-core-11.14.1.jar:na]
	at org.flywaydb.core.FlywayExecutor.execute(FlywayExecutor.java:240) ~[flyway-core-11.14.1.jar:na]
	at org.flywaydb.core.Flyway.migrate(Flyway.java:186) ~[flyway-core-11.14.1.jar:na]
	at org.springframework.boot.flyway.autoconfigure.FlywayMigrationInitializer.afterPropertiesSet(FlywayMigrationInitializer.java:67) ~[spring-boot-flyway-4.0.6.jar:4.0.6]
	at org.springframework.beans.factory.support.AbstractAutowireCapableBeanFactory.invokeInitMethods(AbstractAutowireCapableBeanFactory.java:1864) ~[spring-beans-7.0.7.jar:7.0.7]
	at org.springframework.beans.factory.support.AbstractAutowireCapableBeanFactory.initializeBean(AbstractAutowireCapableBeanFactory.java:1813) ~[spring-beans-7.0.7.jar:7.0.7]
	... 17 common frames omitted

2026-05-20T14:25:38.092-04:00  INFO 32616 --- [LogiStock_MS_01_Productos] [main] c.e.L.LogiStockMs01Application           : Starting LogiStockMs01Application using Java 21.0.10 with PID 32616 (/home/sebas/Escritorio/LogiStock_MS/LogiStock_MS_01_Productos/target/classes started by sebas in /home/sebas/Escritorio/LogiStock_MS)
2026-05-20T14:25:38.100-04:00  INFO 32616 --- [LogiStock_MS_01_Productos] [main] c.e.L.LogiStockMs01Application           : No active profile set, falling back to 1 default profile: "default"
2026-05-20T14:25:40.177-04:00  INFO 32616 --- [LogiStock_MS_01_Productos] [main] .s.d.r.c.RepositoryConfigurationDelegate : Bootstrapping Spring Data JPA repositories in DEFAULT mode.
2026-05-20T14:25:40.367-04:00  INFO 32616 --- [LogiStock_MS_01_Productos] [main] .s.d.r.c.RepositoryConfigurationDelegate : Finished Spring Data repository scanning in 160 ms. Found 2 JPA repository interfaces.
2026-05-20T14:25:41.768-04:00  INFO 32616 --- [LogiStock_MS_01_Productos] [main] o.s.boot.tomcat.TomcatWebServer          : Tomcat initialized with port 8080 (http)
2026-05-20T14:25:41.803-04:00  INFO 32616 --- [LogiStock_MS_01_Productos] [main] o.apache.catalina.core.StandardService   : Starting service [Tomcat]
2026-05-20T14:25:41.804-04:00  INFO 32616 --- [LogiStock_MS_01_Productos] [main] o.apache.catalina.core.StandardEngine    : Starting Servlet engine: [Apache Tomcat/11.0.21]
2026-05-20T14:25:41.922-04:00  INFO 32616 --- [LogiStock_MS_01_Productos] [main] b.w.c.s.WebApplicationContextInitializer : Root WebApplicationContext: initialization completed in 3669 ms
2026-05-20T14:25:43.041-04:00  INFO 32616 --- [LogiStock_MS_01_Productos] [main] com.zaxxer.hikari.HikariDataSource       : HikariPool-1 - Starting...
2026-05-20T14:25:43.792-04:00  INFO 32616 --- [LogiStock_MS_01_Productos] [main] com.zaxxer.hikari.pool.HikariPool        : HikariPool-1 - Added connection com.mysql.cj.jdbc.ConnectionImpl@305b43ca
2026-05-20T14:25:43.796-04:00  INFO 32616 --- [LogiStock_MS_01_Productos] [main] com.zaxxer.hikari.HikariDataSource       : HikariPool-1 - Start completed.
2026-05-20T14:25:43.945-04:00  INFO 32616 --- [LogiStock_MS_01_Productos] [main] org.flywaydb.core.FlywayExecutor         : Database: jdbc:mysql://localhost:3306/logiStock (MySQL 8.0)
2026-05-20T14:25:44.172-04:00  WARN 32616 --- [LogiStock_MS_01_Productos] [main] ConfigServletWebServerApplicationContext : Exception encountered during context initialization - cancelling refresh attempt: org.springframework.beans.factory.BeanCreationException: Error creating bean with name 'entityManagerFactory' defined in class path resource [org/springframework/boot/hibernate/autoconfigure/HibernateJpaConfiguration.class]: Failed to initialize dependency 'flywayInitializer' of LoadTimeWeaverAware bean 'entityManagerFactory': Error creating bean with name 'flywayInitializer' defined in class path resource [org/springframework/boot/flyway/autoconfigure/FlywayAutoConfiguration$FlywayConfiguration.class]: Validate failed: Migrations have failed validation
Migration description mismatch for migration version 4
-> Applied to database : insertar pelicula categoria
-> Resolved locally    : insertar producto categoria
Either revert the changes to the migration, or run repair to update the schema history.
Need more flexibility with validation rules? Learn more: https://rd.gt/3AbJUZE
2026-05-20T14:25:44.174-04:00  INFO 32616 --- [LogiStock_MS_01_Productos] [main] com.zaxxer.hikari.HikariDataSource       : HikariPool-1 - Shutdown initiated...
2026-05-20T14:25:44.216-04:00  INFO 32616 --- [LogiStock_MS_01_Productos] [main] com.zaxxer.hikari.HikariDataSource       : HikariPool-1 - Shutdown completed.
2026-05-20T14:25:44.223-04:00  INFO 32616 --- [LogiStock_MS_01_Productos] [main] o.apache.catalina.core.StandardService   : Stopping service [Tomcat]
2026-05-20T14:25:44.246-04:00  INFO 32616 --- [LogiStock_MS_01_Productos] [main] .s.b.a.l.ConditionEvaluationReportLogger : 

Error starting ApplicationContext. To display the condition evaluation report re-run your application with 'debug' enabled.
2026-05-20T14:25:44.285-04:00 ERROR 32616 --- [LogiStock_MS_01_Productos] [main] o.s.boot.SpringApplication               : Application run failed

org.springframework.beans.factory.BeanCreationException: Error creating bean with name 'entityManagerFactory' defined in class path resource [org/springframework/boot/hibernate/autoconfigure/HibernateJpaConfiguration.class]: Failed to initialize dependency 'flywayInitializer' of LoadTimeWeaverAware bean 'entityManagerFactory': Error creating bean with name 'flywayInitializer' defined in class path resource [org/springframework/boot/flyway/autoconfigure/FlywayAutoConfiguration$FlywayConfiguration.class]: Validate failed: Migrations have failed validation
Migration description mismatch for migration version 4
-> Applied to database : insertar pelicula categoria
-> Resolved locally    : insertar producto categoria
Either revert the changes to the migration, or run repair to update the schema history.
Need more flexibility with validation rules? Learn more: https://rd.gt/3AbJUZE
	at org.springframework.beans.factory.support.AbstractBeanFactory.doGetBean(AbstractBeanFactory.java:322) ~[spring-beans-7.0.7.jar:7.0.7]
	at org.springframework.beans.factory.support.AbstractBeanFactory.getBean(AbstractBeanFactory.java:201) ~[spring-beans-7.0.7.jar:7.0.7]
	at org.springframework.context.support.AbstractApplicationContext.finishBeanFactoryInitialization(AbstractApplicationContext.java:977) ~[spring-context-7.0.7.jar:7.0.7]
	at org.springframework.context.support.AbstractApplicationContext.refresh(AbstractApplicationContext.java:621) ~[spring-context-7.0.7.jar:7.0.7]
	at org.springframework.boot.web.server.servlet.context.ServletWebServerApplicationContext.refresh(ServletWebServerApplicationContext.java:143) ~[spring-boot-web-server-4.0.6.jar:4.0.6]
	at org.springframework.boot.SpringApplication.refresh(SpringApplication.java:756) ~[spring-boot-4.0.6.jar:4.0.6]
	at org.springframework.boot.SpringApplication.refreshContext(SpringApplication.java:445) ~[spring-boot-4.0.6.jar:4.0.6]
	at org.springframework.boot.SpringApplication.run(SpringApplication.java:321) ~[spring-boot-4.0.6.jar:4.0.6]
	at org.springframework.boot.SpringApplication.run(SpringApplication.java:1365) ~[spring-boot-4.0.6.jar:4.0.6]
	at org.springframework.boot.SpringApplication.run(SpringApplication.java:1354) ~[spring-boot-4.0.6.jar:4.0.6]
	at com.example.LogiStock_MS_01.LogiStockMs01Application.main(LogiStockMs01Application.java:10) ~[classes/:na]
Caused by: org.springframework.beans.factory.BeanCreationException: Error creating bean with name 'flywayInitializer' defined in class path resource [org/springframework/boot/flyway/autoconfigure/FlywayAutoConfiguration$FlywayConfiguration.class]: Validate failed: Migrations have failed validation
Migration description mismatch for migration version 4
-> Applied to database : insertar pelicula categoria
-> Resolved locally    : insertar producto categoria
Either revert the changes to the migration, or run repair to update the schema history.
Need more flexibility with validation rules? Learn more: https://rd.gt/3AbJUZE
	at org.springframework.beans.factory.support.AbstractAutowireCapableBeanFactory.initializeBean(AbstractAutowireCapableBeanFactory.java:1817) ~[spring-beans-7.0.7.jar:7.0.7]
	at org.springframework.beans.factory.support.AbstractAutowireCapableBeanFactory.doCreateBean(AbstractAutowireCapableBeanFactory.java:603) ~[spring-beans-7.0.7.jar:7.0.7]
	at org.springframework.beans.factory.support.AbstractAutowireCapableBeanFactory.createBean(AbstractAutowireCapableBeanFactory.java:525) ~[spring-beans-7.0.7.jar:7.0.7]
	at org.springframework.beans.factory.support.AbstractBeanFactory.lambda$doGetBean$0(AbstractBeanFactory.java:333) ~[spring-beans-7.0.7.jar:7.0.7]
	at org.springframework.beans.factory.support.DefaultSingletonBeanRegistry.getSingleton(DefaultSingletonBeanRegistry.java:371) ~[spring-beans-7.0.7.jar:7.0.7]
	at org.springframework.beans.factory.support.AbstractBeanFactory.doGetBean(AbstractBeanFactory.java:331) ~[spring-beans-7.0.7.jar:7.0.7]
	at org.springframework.beans.factory.support.AbstractBeanFactory.getBean(AbstractBeanFactory.java:196) ~[spring-beans-7.0.7.jar:7.0.7]
	at org.springframework.beans.factory.support.AbstractBeanFactory.doGetBean(AbstractBeanFactory.java:309) ~[spring-beans-7.0.7.jar:7.0.7]
	... 10 common frames omitted
Caused by: org.flywaydb.core.api.exception.FlywayValidateException: Validate failed: Migrations have failed validation
Migration description mismatch for migration version 4
-> Applied to database : insertar pelicula categoria
-> Resolved locally    : insertar producto categoria
Either revert the changes to the migration, or run repair to update the schema history.
Need more flexibility with validation rules? Learn more: https://rd.gt/3AbJUZE
	at org.flywaydb.core.Flyway.lambda$migrate$3(Flyway.java:199) ~[flyway-core-11.14.1.jar:na]
	at org.flywaydb.core.FlywayExecutor.execute(FlywayExecutor.java:240) ~[flyway-core-11.14.1.jar:na]
	at org.flywaydb.core.Flyway.migrate(Flyway.java:186) ~[flyway-core-11.14.1.jar:na]
	at org.springframework.boot.flyway.autoconfigure.FlywayMigrationInitializer.afterPropertiesSet(FlywayMigrationInitializer.java:67) ~[spring-boot-flyway-4.0.6.jar:4.0.6]
	at org.springframework.beans.factory.support.AbstractAutowireCapableBeanFactory.invokeInitMethods(AbstractAutowireCapableBeanFactory.java:1864) ~[spring-beans-7.0.7.jar:7.0.7]
	at org.springframework.beans.factory.support.AbstractAutowireCapableBeanFactory.initializeBean(AbstractAutowireCapableBeanFactory.java:1813) ~[spring-beans-7.0.7.jar:7.0.7]
	... 17 common frames omitted

2026-05-20T14:40:57.874-04:00  INFO 36528 --- [LogiStock_MS_01_Productos] [main] c.e.L.LogiStockMs01Application           : Starting LogiStockMs01Application using Java 21.0.10 with PID 36528 (/home/sebas/Escritorio/LogiStock_MS/LogiStock_MS_01_Productos/target/classes started by sebas in /home/sebas/Escritorio/LogiStock_MS)
2026-05-20T14:40:57.882-04:00  INFO 36528 --- [LogiStock_MS_01_Productos] [main] c.e.L.LogiStockMs01Application           : No active profile set, falling back to 1 default profile: "default"
2026-05-20T14:40:59.549-04:00  INFO 36528 --- [LogiStock_MS_01_Productos] [main] .s.d.r.c.RepositoryConfigurationDelegate : Bootstrapping Spring Data JPA repositories in DEFAULT mode.
2026-05-20T14:40:59.709-04:00  INFO 36528 --- [LogiStock_MS_01_Productos] [main] .s.d.r.c.RepositoryConfigurationDelegate : Finished Spring Data repository scanning in 134 ms. Found 2 JPA repository interfaces.
2026-05-20T14:41:00.786-04:00  INFO 36528 --- [LogiStock_MS_01_Productos] [main] o.s.boot.tomcat.TomcatWebServer          : Tomcat initialized with port 8080 (http)
2026-05-20T14:41:00.827-04:00  INFO 36528 --- [LogiStock_MS_01_Productos] [main] o.apache.catalina.core.StandardService   : Starting service [Tomcat]
2026-05-20T14:41:00.828-04:00  INFO 36528 --- [LogiStock_MS_01_Productos] [main] o.apache.catalina.core.StandardEngine    : Starting Servlet engine: [Apache Tomcat/11.0.21]
2026-05-20T14:41:00.931-04:00  INFO 36528 --- [LogiStock_MS_01_Productos] [main] b.w.c.s.WebApplicationContextInitializer : Root WebApplicationContext: initialization completed in 2898 ms
2026-05-20T14:41:01.436-04:00  INFO 36528 --- [LogiStock_MS_01_Productos] [main] org.hibernate.orm.jpa                    : HHH008540: Processing PersistenceUnitInfo [name: default]
2026-05-20T14:41:01.557-04:00  INFO 36528 --- [LogiStock_MS_01_Productos] [main] org.hibernate.orm.core                   : HHH000001: Hibernate ORM core version 7.2.12.Final
2026-05-20T14:41:02.477-04:00  INFO 36528 --- [LogiStock_MS_01_Productos] [main] o.s.o.j.p.SpringPersistenceUnitInfo      : No LoadTimeWeaver setup: ignoring JPA class transformer
2026-05-20T14:41:02.549-04:00  INFO 36528 --- [LogiStock_MS_01_Productos] [main] com.zaxxer.hikari.HikariDataSource       : HikariPool-1 - Starting...
2026-05-20T14:41:03.246-04:00  INFO 36528 --- [LogiStock_MS_01_Productos] [main] com.zaxxer.hikari.pool.HikariPool        : HikariPool-1 - Added connection com.mysql.cj.jdbc.ConnectionImpl@4df7b4ac
2026-05-20T14:41:03.250-04:00  INFO 36528 --- [LogiStock_MS_01_Productos] [main] com.zaxxer.hikari.HikariDataSource       : HikariPool-1 - Start completed.
2026-05-20T14:41:03.452-04:00  INFO 36528 --- [LogiStock_MS_01_Productos] [main] org.hibernate.orm.connections.pooling    : HHH10001005: Database info:
	Database JDBC URL [jdbc:mysql://localhost:3306/logiStock]
	Database driver: MySQL Connector/J
	Database dialect: MySQLDialect
	Database version: 8.0.45
	Default catalog/schema: logiStock/undefined
	Autocommit mode: undefined/unknown
	Isolation level: REPEATABLE_READ [default REPEATABLE_READ]
	JDBC fetch size: none
	Pool: DataSourceConnectionProvider
	Minimum pool size: undefined/unknown
	Maximum pool size: undefined/unknown
2026-05-20T14:41:05.349-04:00  INFO 36528 --- [LogiStock_MS_01_Productos] [main] org.hibernate.orm.core                   : HHH000489: No JTA platform available (set 'hibernate.transaction.jta.platform' to enable JTA platform integration)
2026-05-20T14:41:05.510-04:00  INFO 36528 --- [LogiStock_MS_01_Productos] [main] j.LocalContainerEntityManagerFactoryBean : Initialized JPA EntityManagerFactory for persistence unit 'default'
2026-05-20T14:41:05.699-04:00  INFO 36528 --- [LogiStock_MS_01_Productos] [main] o.s.d.j.r.query.QueryEnhancerFactories   : Hibernate is in classpath; If applicable, HQL parser will be used.
2026-05-20T14:41:06.014-04:00  WARN 36528 --- [LogiStock_MS_01_Productos] [main] JpaBaseConfiguration$JpaWebConfiguration : spring.jpa.open-in-view is enabled by default. Therefore, database queries may be performed during view rendering. Explicitly configure spring.jpa.open-in-view to disable this warning
2026-05-20T14:41:06.847-04:00  INFO 36528 --- [LogiStock_MS_01_Productos] [main] o.s.boot.tomcat.TomcatWebServer          : Tomcat started on port 8080 (http) with context path '/'
2026-05-20T14:41:06.866-04:00  INFO 36528 --- [LogiStock_MS_01_Productos] [main] c.e.L.LogiStockMs01Application           : Started LogiStockMs01Application in 10.091 seconds (process running for 10.993)
2026-05-20T14:44:02.576-04:00  INFO 36528 --- [LogiStock_MS_01_Productos] [http-nio-8080-exec-2] o.a.c.c.C.[Tomcat].[localhost].[/]       : Initializing Spring DispatcherServlet 'dispatcherServlet'
2026-05-20T14:44:02.577-04:00  INFO 36528 --- [LogiStock_MS_01_Productos] [http-nio-8080-exec-2] o.s.web.servlet.DispatcherServlet        : Initializing Servlet 'dispatcherServlet'
2026-05-20T14:44:02.580-04:00  INFO 36528 --- [LogiStock_MS_01_Productos] [http-nio-8080-exec-2] o.s.web.servlet.DispatcherServlet        : Completed initialization in 3 ms
2026-05-20T14:44:02.758-04:00  INFO 36528 --- [LogiStock_MS_01_Productos] [http-nio-8080-exec-2] c.e.L.service.ProductoService            : Consultando catálogo completo de productos
2026-05-20T14:44:13.108-04:00  INFO 36528 --- [LogiStock_MS_01_Productos] [http-nio-8080-exec-3] c.e.L.service.ProductoService            : Se está obteniendo el producto con el id 999999
2026-05-20T14:44:13.135-04:00 ERROR 36528 --- [LogiStock_MS_01_Productos] [http-nio-8080-exec-3] o.a.c.c.C.[.[.[/].[dispatcherServlet]    : Servlet.service() for servlet [dispatcherServlet] in context with path [] threw exception [Request processing failed: com.example.LogiStock_MS_01.exception.ProductoNoEncontradoException: No se ha encontrado el producto con el id: 999999] with root cause

com.example.LogiStock_MS_01.exception.ProductoNoEncontradoException: No se ha encontrado el producto con el id: 999999
	at com.example.LogiStock_MS_01.service.ProductoService.lambda$0(ProductoService.java:37) ~[classes/:na]
	at java.base/java.util.Optional.orElseThrow(Optional.java:403) ~[na:na]
	at com.example.LogiStock_MS_01.service.ProductoService.obtenerPorId(ProductoService.java:37) ~[classes/:na]
	at com.example.LogiStock_MS_01.controller.ProductoController.obtenerPorId(ProductoController.java:43) ~[classes/:na]
	at java.base/jdk.internal.reflect.DirectMethodHandleAccessor.invoke(DirectMethodHandleAccessor.java:103) ~[na:na]
	at java.base/java.lang.reflect.Method.invoke(Method.java:580) ~[na:na]
	at org.springframework.web.method.support.InvocableHandlerMethod.doInvoke(InvocableHandlerMethod.java:252) ~[spring-web-7.0.7.jar:7.0.7]
	at org.springframework.web.method.support.InvocableHandlerMethod.invokeForRequest(InvocableHandlerMethod.java:184) ~[spring-web-7.0.7.jar:7.0.7]
	at org.springframework.web.servlet.mvc.method.annotation.ServletInvocableHandlerMethod.invokeAndHandle(ServletInvocableHandlerMethod.java:117) ~[spring-webmvc-7.0.7.jar:7.0.7]
	at org.springframework.web.servlet.mvc.method.annotation.RequestMappingHandlerAdapter.invokeHandlerMethod(RequestMappingHandlerAdapter.java:934) ~[spring-webmvc-7.0.7.jar:7.0.7]
	at org.springframework.web.servlet.mvc.method.annotation.RequestMappingHandlerAdapter.handleInternal(RequestMappingHandlerAdapter.java:853) ~[spring-webmvc-7.0.7.jar:7.0.7]
	at org.springframework.web.servlet.mvc.method.AbstractHandlerMethodAdapter.handle(AbstractHandlerMethodAdapter.java:86) ~[spring-webmvc-7.0.7.jar:7.0.7]
	at org.springframework.web.servlet.DispatcherServlet.doDispatch(DispatcherServlet.java:963) ~[spring-webmvc-7.0.7.jar:7.0.7]
	at org.springframework.web.servlet.DispatcherServlet.doService(DispatcherServlet.java:866) ~[spring-webmvc-7.0.7.jar:7.0.7]
	at org.springframework.web.servlet.FrameworkServlet.processRequest(FrameworkServlet.java:1000) ~[spring-webmvc-7.0.7.jar:7.0.7]
	at org.springframework.web.servlet.FrameworkServlet.doGet(FrameworkServlet.java:892) ~[spring-webmvc-7.0.7.jar:7.0.7]
	at jakarta.servlet.http.HttpServlet.service(HttpServlet.java:622) ~[tomcat-embed-core-11.0.21.jar:6.1]
	at org.springframework.web.servlet.FrameworkServlet.service(FrameworkServlet.java:874) ~[spring-webmvc-7.0.7.jar:7.0.7]
	at jakarta.servlet.http.HttpServlet.service(HttpServlet.java:710) ~[tomcat-embed-core-11.0.21.jar:6.1]
	at org.apache.catalina.core.ApplicationFilterChain.doFilter(ApplicationFilterChain.java:128) ~[tomcat-embed-core-11.0.21.jar:11.0.21]
	at org.apache.tomcat.websocket.server.WsFilter.doFilter(WsFilter.java:53) ~[tomcat-embed-websocket-11.0.21.jar:11.0.21]
	at org.apache.catalina.core.ApplicationFilterChain.doFilter(ApplicationFilterChain.java:107) ~[tomcat-embed-core-11.0.21.jar:11.0.21]
	at org.springframework.web.filter.RequestContextFilter.doFilterInternal(RequestContextFilter.java:100) ~[spring-web-7.0.7.jar:7.0.7]
	at org.springframework.web.filter.OncePerRequestFilter.doFilter(OncePerRequestFilter.java:116) ~[spring-web-7.0.7.jar:7.0.7]
	at org.apache.catalina.core.ApplicationFilterChain.doFilter(ApplicationFilterChain.java:107) ~[tomcat-embed-core-11.0.21.jar:11.0.21]
	at org.springframework.web.filter.FormContentFilter.doFilterInternal(FormContentFilter.java:93) ~[spring-web-7.0.7.jar:7.0.7]
	at org.springframework.web.filter.OncePerRequestFilter.doFilter(OncePerRequestFilter.java:116) ~[spring-web-7.0.7.jar:7.0.7]
	at org.apache.catalina.core.ApplicationFilterChain.doFilter(ApplicationFilterChain.java:107) ~[tomcat-embed-core-11.0.21.jar:11.0.21]
	at org.springframework.web.filter.CharacterEncodingFilter.doFilterInternal(CharacterEncodingFilter.java:199) ~[spring-web-7.0.7.jar:7.0.7]
	at org.springframework.web.filter.OncePerRequestFilter.doFilter(OncePerRequestFilter.java:116) ~[spring-web-7.0.7.jar:7.0.7]
	at org.apache.catalina.core.ApplicationFilterChain.doFilter(ApplicationFilterChain.java:107) ~[tomcat-embed-core-11.0.21.jar:11.0.21]
	at org.apache.catalina.core.StandardWrapperValve.invoke(StandardWrapperValve.java:165) ~[tomcat-embed-core-11.0.21.jar:11.0.21]
	at org.apache.catalina.core.StandardContextValve.invoke(StandardContextValve.java:77) ~[tomcat-embed-core-11.0.21.jar:11.0.21]
	at org.apache.catalina.authenticator.AuthenticatorBase.invoke(AuthenticatorBase.java:492) ~[tomcat-embed-core-11.0.21.jar:11.0.21]
	at org.apache.catalina.core.StandardHostValve.invoke(StandardHostValve.java:113) ~[tomcat-embed-core-11.0.21.jar:11.0.21]
	at org.apache.catalina.valves.ErrorReportValve.invoke(ErrorReportValve.java:83) ~[tomcat-embed-core-11.0.21.jar:11.0.21]
	at org.apache.catalina.core.StandardEngineValve.invoke(StandardEngineValve.java:72) ~[tomcat-embed-core-11.0.21.jar:11.0.21]
	at org.apache.catalina.connector.CoyoteAdapter.service(CoyoteAdapter.java:341) ~[tomcat-embed-core-11.0.21.jar:11.0.21]
	at org.apache.coyote.http11.Http11Processor.service(Http11Processor.java:397) ~[tomcat-embed-core-11.0.21.jar:11.0.21]
	at org.apache.coyote.AbstractProcessorLight.process(AbstractProcessorLight.java:63) ~[tomcat-embed-core-11.0.21.jar:11.0.21]
	at org.apache.coyote.AbstractProtocol$ConnectionHandler.process(AbstractProtocol.java:903) ~[tomcat-embed-core-11.0.21.jar:11.0.21]
	at org.apache.tomcat.util.net.NioEndpoint$SocketProcessor.doRun(NioEndpoint.java:1801) ~[tomcat-embed-core-11.0.21.jar:11.0.21]
	at org.apache.tomcat.util.net.SocketProcessorBase.run(SocketProcessorBase.java:52) ~[tomcat-embed-core-11.0.21.jar:11.0.21]
	at org.apache.tomcat.util.threads.ThreadPoolExecutor.runWorker(ThreadPoolExecutor.java:946) ~[tomcat-embed-core-11.0.21.jar:11.0.21]
	at org.apache.tomcat.util.threads.ThreadPoolExecutor$Worker.run(ThreadPoolExecutor.java:480) ~[tomcat-embed-core-11.0.21.jar:11.0.21]
	at org.apache.tomcat.util.threads.TaskThread$WrappingRunnable.run(TaskThread.java:57) ~[tomcat-embed-core-11.0.21.jar:11.0.21]
	at java.base/java.lang.Thread.run(Thread.java:1583) ~[na:na]

2026-05-20T14:46:33.539-04:00  INFO 36528 --- [LogiStock_MS_01_Productos] [SpringApplicationShutdownHook] o.s.boot.tomcat.GracefulShutdown         : Commencing graceful shutdown. Waiting for active requests to complete
2026-05-20T14:46:33.545-04:00  INFO 36528 --- [LogiStock_MS_01_Productos] [tomcat-shutdown] o.s.boot.tomcat.GracefulShutdown         : Graceful shutdown complete
2026-05-20T14:46:33.553-04:00  INFO 36528 --- [LogiStock_MS_01_Productos] [SpringApplicationShutdownHook] j.LocalContainerEntityManagerFactoryBean : Closing JPA EntityManagerFactory for persistence unit 'default'
2026-05-20T14:46:33.560-04:00  INFO 36528 --- [LogiStock_MS_01_Productos] [SpringApplicationShutdownHook] com.zaxxer.hikari.HikariDataSource       : HikariPool-1 - Shutdown initiated...
2026-05-20T14:46:33.576-04:00  INFO 36528 --- [LogiStock_MS_01_Productos] [SpringApplicationShutdownHook] com.zaxxer.hikari.HikariDataSource       : HikariPool-1 - Shutdown completed.
2026-05-20T14:46:36.251-04:00  INFO 38628 --- [LogiStock_MS_01_Productos] [main] c.e.L.LogiStockMs01Application           : Starting LogiStockMs01Application using Java 21.0.10 with PID 38628 (/home/sebas/Escritorio/LogiStock_MS/LogiStock_MS_01_Productos/target/classes started by sebas in /home/sebas/Escritorio/LogiStock_MS)
2026-05-20T14:46:36.260-04:00  INFO 38628 --- [LogiStock_MS_01_Productos] [main] c.e.L.LogiStockMs01Application           : No active profile set, falling back to 1 default profile: "default"
2026-05-20T14:46:38.067-04:00  INFO 38628 --- [LogiStock_MS_01_Productos] [main] .s.d.r.c.RepositoryConfigurationDelegate : Bootstrapping Spring Data JPA repositories in DEFAULT mode.
2026-05-20T14:46:38.228-04:00  INFO 38628 --- [LogiStock_MS_01_Productos] [main] .s.d.r.c.RepositoryConfigurationDelegate : Finished Spring Data repository scanning in 138 ms. Found 2 JPA repository interfaces.
2026-05-20T14:46:39.389-04:00  INFO 38628 --- [LogiStock_MS_01_Productos] [main] o.s.boot.tomcat.TomcatWebServer          : Tomcat initialized with port 8080 (http)
2026-05-20T14:46:39.425-04:00  INFO 38628 --- [LogiStock_MS_01_Productos] [main] o.apache.catalina.core.StandardService   : Starting service [Tomcat]
2026-05-20T14:46:39.426-04:00  INFO 38628 --- [LogiStock_MS_01_Productos] [main] o.apache.catalina.core.StandardEngine    : Starting Servlet engine: [Apache Tomcat/11.0.21]
2026-05-20T14:46:39.555-04:00  INFO 38628 --- [LogiStock_MS_01_Productos] [main] b.w.c.s.WebApplicationContextInitializer : Root WebApplicationContext: initialization completed in 3116 ms
2026-05-20T14:46:40.058-04:00  INFO 38628 --- [LogiStock_MS_01_Productos] [main] org.hibernate.orm.jpa                    : HHH008540: Processing PersistenceUnitInfo [name: default]
2026-05-20T14:46:40.191-04:00  INFO 38628 --- [LogiStock_MS_01_Productos] [main] org.hibernate.orm.core                   : HHH000001: Hibernate ORM core version 7.2.12.Final
2026-05-20T14:46:41.270-04:00  INFO 38628 --- [LogiStock_MS_01_Productos] [main] o.s.o.j.p.SpringPersistenceUnitInfo      : No LoadTimeWeaver setup: ignoring JPA class transformer
2026-05-20T14:46:41.343-04:00  INFO 38628 --- [LogiStock_MS_01_Productos] [main] com.zaxxer.hikari.HikariDataSource       : HikariPool-1 - Starting...
2026-05-20T14:46:42.210-04:00  INFO 38628 --- [LogiStock_MS_01_Productos] [main] com.zaxxer.hikari.pool.HikariPool        : HikariPool-1 - Added connection com.mysql.cj.jdbc.ConnectionImpl@1b69fc07
2026-05-20T14:46:42.214-04:00  INFO 38628 --- [LogiStock_MS_01_Productos] [main] com.zaxxer.hikari.HikariDataSource       : HikariPool-1 - Start completed.
2026-05-20T14:46:42.505-04:00  INFO 38628 --- [LogiStock_MS_01_Productos] [main] org.hibernate.orm.connections.pooling    : HHH10001005: Database info:
	Database JDBC URL [jdbc:mysql://localhost:3306/logiStock]
	Database driver: MySQL Connector/J
	Database dialect: MySQLDialect
	Database version: 8.0.45
	Default catalog/schema: logiStock/undefined
	Autocommit mode: undefined/unknown
	Isolation level: REPEATABLE_READ [default REPEATABLE_READ]
	JDBC fetch size: none
	Pool: DataSourceConnectionProvider
	Minimum pool size: undefined/unknown
	Maximum pool size: undefined/unknown
2026-05-20T14:46:44.494-04:00  INFO 38628 --- [LogiStock_MS_01_Productos] [main] org.hibernate.orm.core                   : HHH000489: No JTA platform available (set 'hibernate.transaction.jta.platform' to enable JTA platform integration)
2026-05-20T14:46:44.671-04:00  INFO 38628 --- [LogiStock_MS_01_Productos] [main] j.LocalContainerEntityManagerFactoryBean : Initialized JPA EntityManagerFactory for persistence unit 'default'
2026-05-20T14:46:44.875-04:00  INFO 38628 --- [LogiStock_MS_01_Productos] [main] o.s.d.j.r.query.QueryEnhancerFactories   : Hibernate is in classpath; If applicable, HQL parser will be used.
2026-05-20T14:46:45.195-04:00  WARN 38628 --- [LogiStock_MS_01_Productos] [main] JpaBaseConfiguration$JpaWebConfiguration : spring.jpa.open-in-view is enabled by default. Therefore, database queries may be performed during view rendering. Explicitly configure spring.jpa.open-in-view to disable this warning
2026-05-20T14:46:46.020-04:00  INFO 38628 --- [LogiStock_MS_01_Productos] [main] o.s.boot.tomcat.TomcatWebServer          : Tomcat started on port 8080 (http) with context path '/'
2026-05-20T14:46:46.038-04:00  INFO 38628 --- [LogiStock_MS_01_Productos] [main] c.e.L.LogiStockMs01Application           : Started LogiStockMs01Application in 10.977 seconds (process running for 11.942)
2026-05-20T14:46:51.587-04:00  INFO 38628 --- [LogiStock_MS_01_Productos] [http-nio-8080-exec-2] o.a.c.c.C.[Tomcat].[localhost].[/]       : Initializing Spring DispatcherServlet 'dispatcherServlet'
2026-05-20T14:46:51.588-04:00  INFO 38628 --- [LogiStock_MS_01_Productos] [http-nio-8080-exec-2] o.s.web.servlet.DispatcherServlet        : Initializing Servlet 'dispatcherServlet'
2026-05-20T14:46:51.591-04:00  INFO 38628 --- [LogiStock_MS_01_Productos] [http-nio-8080-exec-2] o.s.web.servlet.DispatcherServlet        : Completed initialization in 3 ms
2026-05-20T14:46:51.766-04:00  INFO 38628 --- [LogiStock_MS_01_Productos] [http-nio-8080-exec-2] c.e.L.service.ProductoService            : Se está obteniendo el producto con el id 999999
2026-05-20T14:46:56.648-04:00  INFO 38628 --- [LogiStock_MS_01_Productos] [http-nio-8080-exec-3] c.e.L.service.ProductoService            : Se está obteniendo el producto con el id 999999
2026-05-20T14:51:04.246-04:00  INFO 38628 --- [LogiStock_MS_01_Productos] [SpringApplicationShutdownHook] o.s.boot.tomcat.GracefulShutdown         : Commencing graceful shutdown. Waiting for active requests to complete
2026-05-20T14:51:04.263-04:00  INFO 38628 --- [LogiStock_MS_01_Productos] [tomcat-shutdown] o.s.boot.tomcat.GracefulShutdown         : Graceful shutdown complete
2026-05-20T14:51:04.286-04:00  INFO 38628 --- [LogiStock_MS_01_Productos] [SpringApplicationShutdownHook] j.LocalContainerEntityManagerFactoryBean : Closing JPA EntityManagerFactory for persistence unit 'default'
2026-05-20T14:51:04.301-04:00  INFO 38628 --- [LogiStock_MS_01_Productos] [SpringApplicationShutdownHook] com.zaxxer.hikari.HikariDataSource       : HikariPool-1 - Shutdown initiated...
2026-05-20T14:51:04.348-04:00  INFO 38628 --- [LogiStock_MS_01_Productos] [SpringApplicationShutdownHook] com.zaxxer.hikari.HikariDataSource       : HikariPool-1 - Shutdown completed.
2026-05-20T14:51:06.740-04:00  INFO 40141 --- [LogiStock_MS_01_Productos] [main] c.e.L.LogiStockMs01Application           : Starting LogiStockMs01Application using Java 21.0.10 with PID 40141 (/home/sebas/Escritorio/LogiStock_MS/LogiStock_MS_01_Productos/target/classes started by sebas in /home/sebas/Escritorio/LogiStock_MS)
2026-05-20T14:51:06.749-04:00  INFO 40141 --- [LogiStock_MS_01_Productos] [main] c.e.L.LogiStockMs01Application           : No active profile set, falling back to 1 default profile: "default"
2026-05-20T14:51:08.467-04:00  INFO 40141 --- [LogiStock_MS_01_Productos] [main] .s.d.r.c.RepositoryConfigurationDelegate : Bootstrapping Spring Data JPA repositories in DEFAULT mode.
2026-05-20T14:51:08.614-04:00  INFO 40141 --- [LogiStock_MS_01_Productos] [main] .s.d.r.c.RepositoryConfigurationDelegate : Finished Spring Data repository scanning in 123 ms. Found 2 JPA repository interfaces.
2026-05-20T14:51:09.881-04:00  INFO 40141 --- [LogiStock_MS_01_Productos] [main] o.s.boot.tomcat.TomcatWebServer          : Tomcat initialized with port 8080 (http)
2026-05-20T14:51:09.919-04:00  INFO 40141 --- [LogiStock_MS_01_Productos] [main] o.apache.catalina.core.StandardService   : Starting service [Tomcat]
2026-05-20T14:51:09.920-04:00  INFO 40141 --- [LogiStock_MS_01_Productos] [main] o.apache.catalina.core.StandardEngine    : Starting Servlet engine: [Apache Tomcat/11.0.21]
2026-05-20T14:51:10.032-04:00  INFO 40141 --- [LogiStock_MS_01_Productos] [main] b.w.c.s.WebApplicationContextInitializer : Root WebApplicationContext: initialization completed in 3133 ms
2026-05-20T14:51:10.488-04:00  INFO 40141 --- [LogiStock_MS_01_Productos] [main] org.hibernate.orm.jpa                    : HHH008540: Processing PersistenceUnitInfo [name: default]
2026-05-20T14:51:10.587-04:00  INFO 40141 --- [LogiStock_MS_01_Productos] [main] org.hibernate.orm.core                   : HHH000001: Hibernate ORM core version 7.2.12.Final
2026-05-20T14:51:11.748-04:00  INFO 40141 --- [LogiStock_MS_01_Productos] [main] o.s.o.j.p.SpringPersistenceUnitInfo      : No LoadTimeWeaver setup: ignoring JPA class transformer
2026-05-20T14:51:11.829-04:00  INFO 40141 --- [LogiStock_MS_01_Productos] [main] com.zaxxer.hikari.HikariDataSource       : HikariPool-1 - Starting...
2026-05-20T14:51:12.574-04:00  INFO 40141 --- [LogiStock_MS_01_Productos] [main] com.zaxxer.hikari.pool.HikariPool        : HikariPool-1 - Added connection com.mysql.cj.jdbc.ConnectionImpl@4df7b4ac
2026-05-20T14:51:12.578-04:00  INFO 40141 --- [LogiStock_MS_01_Productos] [main] com.zaxxer.hikari.HikariDataSource       : HikariPool-1 - Start completed.
2026-05-20T14:51:12.769-04:00  INFO 40141 --- [LogiStock_MS_01_Productos] [main] org.hibernate.orm.connections.pooling    : HHH10001005: Database info:
	Database JDBC URL [jdbc:mysql://localhost:3306/logiStock]
	Database driver: MySQL Connector/J
	Database dialect: MySQLDialect
	Database version: 8.0.45
	Default catalog/schema: logiStock/undefined
	Autocommit mode: undefined/unknown
	Isolation level: REPEATABLE_READ [default REPEATABLE_READ]
	JDBC fetch size: none
	Pool: DataSourceConnectionProvider
	Minimum pool size: undefined/unknown
	Maximum pool size: undefined/unknown
2026-05-20T14:51:14.671-04:00  INFO 40141 --- [LogiStock_MS_01_Productos] [main] org.hibernate.orm.core                   : HHH000489: No JTA platform available (set 'hibernate.transaction.jta.platform' to enable JTA platform integration)
2026-05-20T14:51:14.848-04:00  INFO 40141 --- [LogiStock_MS_01_Productos] [main] j.LocalContainerEntityManagerFactoryBean : Initialized JPA EntityManagerFactory for persistence unit 'default'
2026-05-20T14:51:15.012-04:00  INFO 40141 --- [LogiStock_MS_01_Productos] [main] o.s.d.j.r.query.QueryEnhancerFactories   : Hibernate is in classpath; If applicable, HQL parser will be used.
2026-05-20T14:51:15.342-04:00  WARN 40141 --- [LogiStock_MS_01_Productos] [main] JpaBaseConfiguration$JpaWebConfiguration : spring.jpa.open-in-view is enabled by default. Therefore, database queries may be performed during view rendering. Explicitly configure spring.jpa.open-in-view to disable this warning
2026-05-20T14:51:16.156-04:00  INFO 40141 --- [LogiStock_MS_01_Productos] [main] o.s.boot.tomcat.TomcatWebServer          : Tomcat started on port 8080 (http) with context path '/'
2026-05-20T14:51:16.179-04:00  INFO 40141 --- [LogiStock_MS_01_Productos] [main] c.e.L.LogiStockMs01Application           : Started LogiStockMs01Application in 10.612 seconds (process running for 11.485)
2026-05-20T14:52:01.045-04:00  INFO 40141 --- [LogiStock_MS_01_Productos] [http-nio-8080-exec-1] o.a.c.c.C.[Tomcat].[localhost].[/]       : Initializing Spring DispatcherServlet 'dispatcherServlet'
2026-05-20T14:52:01.047-04:00  INFO 40141 --- [LogiStock_MS_01_Productos] [http-nio-8080-exec-1] o.s.web.servlet.DispatcherServlet        : Initializing Servlet 'dispatcherServlet'
2026-05-20T14:52:01.051-04:00  INFO 40141 --- [LogiStock_MS_01_Productos] [http-nio-8080-exec-1] o.s.web.servlet.DispatcherServlet        : Completed initialization in 3 ms
2026-05-20T14:52:01.244-04:00  INFO 40141 --- [LogiStock_MS_01_Productos] [http-nio-8080-exec-1] c.e.L.service.ProductoService            : Se está obteniendo el producto con el id 999999
2026-05-20T14:52:01.447-04:00 ERROR 40141 --- [LogiStock_MS_01_Productos] [http-nio-8080-exec-1] o.a.c.c.C.[.[.[/].[dispatcherServlet]    : Servlet.service() for servlet [dispatcherServlet] in context with path [] threw exception [Request processing failed: com.example.LogiStock_MS_01.exception.ProductoNoEncontradoException: No se ha encontrado el producto con el id: 999999] with root cause

com.example.LogiStock_MS_01.exception.ProductoNoEncontradoException: No se ha encontrado el producto con el id: 999999
	at com.example.LogiStock_MS_01.service.ProductoService.lambda$0(ProductoService.java:37) ~[classes/:na]
	at java.base/java.util.Optional.orElseThrow(Optional.java:403) ~[na:na]
	at com.example.LogiStock_MS_01.service.ProductoService.obtenerPorId(ProductoService.java:37) ~[classes/:na]
	at com.example.LogiStock_MS_01.controller.ProductoController.obtenerPorId(ProductoController.java:43) ~[classes/:na]
	at java.base/jdk.internal.reflect.DirectMethodHandleAccessor.invoke(DirectMethodHandleAccessor.java:103) ~[na:na]
	at java.base/java.lang.reflect.Method.invoke(Method.java:580) ~[na:na]
	at org.springframework.web.method.support.InvocableHandlerMethod.doInvoke(InvocableHandlerMethod.java:252) ~[spring-web-7.0.7.jar:7.0.7]
	at org.springframework.web.method.support.InvocableHandlerMethod.invokeForRequest(InvocableHandlerMethod.java:184) ~[spring-web-7.0.7.jar:7.0.7]
	at org.springframework.web.servlet.mvc.method.annotation.ServletInvocableHandlerMethod.invokeAndHandle(ServletInvocableHandlerMethod.java:117) ~[spring-webmvc-7.0.7.jar:7.0.7]
	at org.springframework.web.servlet.mvc.method.annotation.RequestMappingHandlerAdapter.invokeHandlerMethod(RequestMappingHandlerAdapter.java:934) ~[spring-webmvc-7.0.7.jar:7.0.7]
	at org.springframework.web.servlet.mvc.method.annotation.RequestMappingHandlerAdapter.handleInternal(RequestMappingHandlerAdapter.java:853) ~[spring-webmvc-7.0.7.jar:7.0.7]
	at org.springframework.web.servlet.mvc.method.AbstractHandlerMethodAdapter.handle(AbstractHandlerMethodAdapter.java:86) ~[spring-webmvc-7.0.7.jar:7.0.7]
	at org.springframework.web.servlet.DispatcherServlet.doDispatch(DispatcherServlet.java:963) ~[spring-webmvc-7.0.7.jar:7.0.7]
	at org.springframework.web.servlet.DispatcherServlet.doService(DispatcherServlet.java:866) ~[spring-webmvc-7.0.7.jar:7.0.7]
	at org.springframework.web.servlet.FrameworkServlet.processRequest(FrameworkServlet.java:1000) ~[spring-webmvc-7.0.7.jar:7.0.7]
	at org.springframework.web.servlet.FrameworkServlet.doGet(FrameworkServlet.java:892) ~[spring-webmvc-7.0.7.jar:7.0.7]
	at jakarta.servlet.http.HttpServlet.service(HttpServlet.java:622) ~[tomcat-embed-core-11.0.21.jar:6.1]
	at org.springframework.web.servlet.FrameworkServlet.service(FrameworkServlet.java:874) ~[spring-webmvc-7.0.7.jar:7.0.7]
	at jakarta.servlet.http.HttpServlet.service(HttpServlet.java:710) ~[tomcat-embed-core-11.0.21.jar:6.1]
	at org.apache.catalina.core.ApplicationFilterChain.doFilter(ApplicationFilterChain.java:128) ~[tomcat-embed-core-11.0.21.jar:11.0.21]
	at org.apache.tomcat.websocket.server.WsFilter.doFilter(WsFilter.java:53) ~[tomcat-embed-websocket-11.0.21.jar:11.0.21]
	at org.apache.catalina.core.ApplicationFilterChain.doFilter(ApplicationFilterChain.java:107) ~[tomcat-embed-core-11.0.21.jar:11.0.21]
	at org.springframework.web.filter.RequestContextFilter.doFilterInternal(RequestContextFilter.java:100) ~[spring-web-7.0.7.jar:7.0.7]
	at org.springframework.web.filter.OncePerRequestFilter.doFilter(OncePerRequestFilter.java:116) ~[spring-web-7.0.7.jar:7.0.7]
	at org.apache.catalina.core.ApplicationFilterChain.doFilter(ApplicationFilterChain.java:107) ~[tomcat-embed-core-11.0.21.jar:11.0.21]
	at org.springframework.web.filter.FormContentFilter.doFilterInternal(FormContentFilter.java:93) ~[spring-web-7.0.7.jar:7.0.7]
	at org.springframework.web.filter.OncePerRequestFilter.doFilter(OncePerRequestFilter.java:116) ~[spring-web-7.0.7.jar:7.0.7]
	at org.apache.catalina.core.ApplicationFilterChain.doFilter(ApplicationFilterChain.java:107) ~[tomcat-embed-core-11.0.21.jar:11.0.21]
	at org.springframework.web.filter.CharacterEncodingFilter.doFilterInternal(CharacterEncodingFilter.java:199) ~[spring-web-7.0.7.jar:7.0.7]
	at org.springframework.web.filter.OncePerRequestFilter.doFilter(OncePerRequestFilter.java:116) ~[spring-web-7.0.7.jar:7.0.7]
	at org.apache.catalina.core.ApplicationFilterChain.doFilter(ApplicationFilterChain.java:107) ~[tomcat-embed-core-11.0.21.jar:11.0.21]
	at org.apache.catalina.core.StandardWrapperValve.invoke(StandardWrapperValve.java:165) ~[tomcat-embed-core-11.0.21.jar:11.0.21]
	at org.apache.catalina.core.StandardContextValve.invoke(StandardContextValve.java:77) ~[tomcat-embed-core-11.0.21.jar:11.0.21]
	at org.apache.catalina.authenticator.AuthenticatorBase.invoke(AuthenticatorBase.java:492) ~[tomcat-embed-core-11.0.21.jar:11.0.21]
	at org.apache.catalina.core.StandardHostValve.invoke(StandardHostValve.java:113) ~[tomcat-embed-core-11.0.21.jar:11.0.21]
	at org.apache.catalina.valves.ErrorReportValve.invoke(ErrorReportValve.java:83) ~[tomcat-embed-core-11.0.21.jar:11.0.21]
	at org.apache.catalina.core.StandardEngineValve.invoke(StandardEngineValve.java:72) ~[tomcat-embed-core-11.0.21.jar:11.0.21]
	at org.apache.catalina.connector.CoyoteAdapter.service(CoyoteAdapter.java:341) ~[tomcat-embed-core-11.0.21.jar:11.0.21]
	at org.apache.coyote.http11.Http11Processor.service(Http11Processor.java:397) ~[tomcat-embed-core-11.0.21.jar:11.0.21]
	at org.apache.coyote.AbstractProcessorLight.process(AbstractProcessorLight.java:63) ~[tomcat-embed-core-11.0.21.jar:11.0.21]
	at org.apache.coyote.AbstractProtocol$ConnectionHandler.process(AbstractProtocol.java:903) ~[tomcat-embed-core-11.0.21.jar:11.0.21]
	at org.apache.tomcat.util.net.NioEndpoint$SocketProcessor.doRun(NioEndpoint.java:1801) ~[tomcat-embed-core-11.0.21.jar:11.0.21]
	at org.apache.tomcat.util.net.SocketProcessorBase.run(SocketProcessorBase.java:52) ~[tomcat-embed-core-11.0.21.jar:11.0.21]
	at org.apache.tomcat.util.threads.ThreadPoolExecutor.runWorker(ThreadPoolExecutor.java:946) ~[tomcat-embed-core-11.0.21.jar:11.0.21]
	at org.apache.tomcat.util.threads.ThreadPoolExecutor$Worker.run(ThreadPoolExecutor.java:480) ~[tomcat-embed-core-11.0.21.jar:11.0.21]
	at org.apache.tomcat.util.threads.TaskThread$WrappingRunnable.run(TaskThread.java:57) ~[tomcat-embed-core-11.0.21.jar:11.0.21]
	at java.base/java.lang.Thread.run(Thread.java:1583) ~[na:na]

2026-05-20T14:52:50.459-04:00  INFO 40141 --- [LogiStock_MS_01_Productos] [http-nio-8080-exec-3] c.e.L.service.ProductoService            : Consultando catálogo completo de productos
2026-05-20T14:53:03.513-04:00  INFO 40141 --- [LogiStock_MS_01_Productos] [http-nio-8080-exec-5] c.e.L.service.ProductoService            : Se está obteniendo el producto con el id 3
2026-05-20T14:54:23.140-04:00  INFO 40141 --- [LogiStock_MS_01_Productos] [http-nio-8080-exec-1] c.e.L.service.ProductoService            : Se está obteniendo el producto con el id 3
2026-05-20T14:57:23.062-04:00  INFO 40141 --- [LogiStock_MS_01_Productos] [http-nio-8080-exec-5] c.e.L.service.ProductoService            : Se está obteniendo el producto con el id 3
2026-05-20T14:57:53.110-04:00  INFO 40141 --- [LogiStock_MS_01_Productos] [http-nio-8080-exec-10] c.e.L.service.ProductoService            : Cambio de estado para producto ID: 3 -> Nuevo Estado: INACTIVO
2026-05-20T14:57:53.120-04:00  WARN 40141 --- [LogiStock_MS_01_Productos] [http-nio-8080-exec-10] c.e.L.service.ProductoService            : El producto ID: 3 ya se encontraba en estado INACTIVO
2026-05-20T14:58:03.428-04:00  INFO 40141 --- [LogiStock_MS_01_Productos] [http-nio-8080-exec-2] c.e.L.service.ProductoService            : Cambio de estado para producto ID: 3 -> Nuevo Estado: ACTIVO
2026-05-20T14:58:10.120-04:00  INFO 40141 --- [LogiStock_MS_01_Productos] [http-nio-8080-exec-1] c.e.L.service.ProductoService            : Se está obteniendo el producto con el id 3
2026-05-20T14:59:06.259-04:00  INFO 40141 --- [LogiStock_MS_01_Productos] [SpringApplicationShutdownHook] o.s.boot.tomcat.GracefulShutdown         : Commencing graceful shutdown. Waiting for active requests to complete
2026-05-20T14:59:06.268-04:00  INFO 40141 --- [LogiStock_MS_01_Productos] [tomcat-shutdown] o.s.boot.tomcat.GracefulShutdown         : Graceful shutdown complete
2026-05-20T14:59:06.277-04:00  INFO 40141 --- [LogiStock_MS_01_Productos] [SpringApplicationShutdownHook] j.LocalContainerEntityManagerFactoryBean : Closing JPA EntityManagerFactory for persistence unit 'default'
2026-05-20T14:59:06.284-04:00  INFO 40141 --- [LogiStock_MS_01_Productos] [SpringApplicationShutdownHook] com.zaxxer.hikari.HikariDataSource       : HikariPool-1 - Shutdown initiated...
2026-05-20T14:59:06.306-04:00  INFO 40141 --- [LogiStock_MS_01_Productos] [SpringApplicationShutdownHook] com.zaxxer.hikari.HikariDataSource       : HikariPool-1 - Shutdown completed.
2026-05-20T15:33:07.749-04:00  INFO 53533 --- [LogiStock_MS_01_Productos] [main] c.e.L.LogiStockMs01Application           : Starting LogiStockMs01Application using Java 21.0.10 with PID 53533 (/home/sebas/Escritorio/LogiStock_MS/LogiStock_MS_01_Productos/target/classes started by sebas in /home/sebas/Escritorio/LogiStock_MS)
2026-05-20T15:33:07.758-04:00  INFO 53533 --- [LogiStock_MS_01_Productos] [main] c.e.L.LogiStockMs01Application           : No active profile set, falling back to 1 default profile: "default"
2026-05-20T15:33:09.924-04:00  INFO 53533 --- [LogiStock_MS_01_Productos] [main] .s.d.r.c.RepositoryConfigurationDelegate : Bootstrapping Spring Data JPA repositories in DEFAULT mode.
2026-05-20T15:33:10.161-04:00  INFO 53533 --- [LogiStock_MS_01_Productos] [main] .s.d.r.c.RepositoryConfigurationDelegate : Finished Spring Data repository scanning in 192 ms. Found 2 JPA repository interfaces.
2026-05-20T15:33:11.316-04:00  INFO 53533 --- [LogiStock_MS_01_Productos] [main] o.s.boot.tomcat.TomcatWebServer          : Tomcat initialized with port 8080 (http)
2026-05-20T15:33:11.351-04:00  INFO 53533 --- [LogiStock_MS_01_Productos] [main] o.apache.catalina.core.StandardService   : Starting service [Tomcat]
2026-05-20T15:33:11.353-04:00  INFO 53533 --- [LogiStock_MS_01_Productos] [main] o.apache.catalina.core.StandardEngine    : Starting Servlet engine: [Apache Tomcat/11.0.21]
2026-05-20T15:33:11.484-04:00  INFO 53533 --- [LogiStock_MS_01_Productos] [main] b.w.c.s.WebApplicationContextInitializer : Root WebApplicationContext: initialization completed in 3573 ms
2026-05-20T15:33:12.035-04:00  INFO 53533 --- [LogiStock_MS_01_Productos] [main] org.hibernate.orm.jpa                    : HHH008540: Processing PersistenceUnitInfo [name: default]
2026-05-20T15:33:12.136-04:00  INFO 53533 --- [LogiStock_MS_01_Productos] [main] org.hibernate.orm.core                   : HHH000001: Hibernate ORM core version 7.2.12.Final
2026-05-20T15:33:13.041-04:00  INFO 53533 --- [LogiStock_MS_01_Productos] [main] o.s.o.j.p.SpringPersistenceUnitInfo      : No LoadTimeWeaver setup: ignoring JPA class transformer
2026-05-20T15:33:13.119-04:00  INFO 53533 --- [LogiStock_MS_01_Productos] [main] com.zaxxer.hikari.HikariDataSource       : HikariPool-1 - Starting...
2026-05-20T15:33:13.856-04:00  INFO 53533 --- [LogiStock_MS_01_Productos] [main] com.zaxxer.hikari.pool.HikariPool        : HikariPool-1 - Added connection com.mysql.cj.jdbc.ConnectionImpl@4df7b4ac
2026-05-20T15:33:13.860-04:00  INFO 53533 --- [LogiStock_MS_01_Productos] [main] com.zaxxer.hikari.HikariDataSource       : HikariPool-1 - Start completed.
2026-05-20T15:33:14.046-04:00  INFO 53533 --- [LogiStock_MS_01_Productos] [main] org.hibernate.orm.connections.pooling    : HHH10001005: Database info:
	Database JDBC URL [jdbc:mysql://localhost:3306/logiStock]
	Database driver: MySQL Connector/J
	Database dialect: MySQLDialect
	Database version: 8.0.45
	Default catalog/schema: logiStock/undefined
	Autocommit mode: undefined/unknown
	Isolation level: REPEATABLE_READ [default REPEATABLE_READ]
	JDBC fetch size: none
	Pool: DataSourceConnectionProvider
	Minimum pool size: undefined/unknown
	Maximum pool size: undefined/unknown
2026-05-20T15:33:15.868-04:00  INFO 53533 --- [LogiStock_MS_01_Productos] [main] org.hibernate.orm.core                   : HHH000489: No JTA platform available (set 'hibernate.transaction.jta.platform' to enable JTA platform integration)
2026-05-20T15:33:16.019-04:00  INFO 53533 --- [LogiStock_MS_01_Productos] [main] j.LocalContainerEntityManagerFactoryBean : Initialized JPA EntityManagerFactory for persistence unit 'default'
2026-05-20T15:33:16.184-04:00  INFO 53533 --- [LogiStock_MS_01_Productos] [main] o.s.d.j.r.query.QueryEnhancerFactories   : Hibernate is in classpath; If applicable, HQL parser will be used.
2026-05-20T15:33:16.471-04:00  WARN 53533 --- [LogiStock_MS_01_Productos] [main] JpaBaseConfiguration$JpaWebConfiguration : spring.jpa.open-in-view is enabled by default. Therefore, database queries may be performed during view rendering. Explicitly configure spring.jpa.open-in-view to disable this warning
2026-05-20T15:33:17.305-04:00  INFO 53533 --- [LogiStock_MS_01_Productos] [main] o.s.boot.tomcat.TomcatWebServer          : Tomcat started on port 8080 (http) with context path '/'
2026-05-20T15:33:17.320-04:00  INFO 53533 --- [LogiStock_MS_01_Productos] [main] c.e.L.LogiStockMs01Application           : Started LogiStockMs01Application in 10.784 seconds (process running for 11.622)
2026-05-20T15:33:37.160-04:00  INFO 53533 --- [LogiStock_MS_01_Productos] [SpringApplicationShutdownHook] o.s.boot.tomcat.GracefulShutdown         : Commencing graceful shutdown. Waiting for active requests to complete
2026-05-20T15:33:37.166-04:00  INFO 53533 --- [LogiStock_MS_01_Productos] [tomcat-shutdown] o.s.boot.tomcat.GracefulShutdown         : Graceful shutdown complete
2026-05-20T15:33:37.173-04:00  INFO 53533 --- [LogiStock_MS_01_Productos] [SpringApplicationShutdownHook] j.LocalContainerEntityManagerFactoryBean : Closing JPA EntityManagerFactory for persistence unit 'default'
2026-05-20T15:33:37.181-04:00  INFO 53533 --- [LogiStock_MS_01_Productos] [SpringApplicationShutdownHook] com.zaxxer.hikari.HikariDataSource       : HikariPool-1 - Shutdown initiated...
2026-05-20T15:33:37.203-04:00  INFO 53533 --- [LogiStock_MS_01_Productos] [SpringApplicationShutdownHook] com.zaxxer.hikari.HikariDataSource       : HikariPool-1 - Shutdown completed.
2026-05-20T15:38:01.484-04:00  INFO 55227 --- [LogiStock_MS_01_Productos] [main] c.e.L.LogiStockMs01Application           : Starting LogiStockMs01Application using Java 21.0.10 with PID 55227 (/home/sebas/Escritorio/LogiStock_MS/LogiStock_MS_01_Productos/target/classes started by sebas in /home/sebas/Escritorio/LogiStock_MS)
2026-05-20T15:38:01.492-04:00  INFO 55227 --- [LogiStock_MS_01_Productos] [main] c.e.L.LogiStockMs01Application           : No active profile set, falling back to 1 default profile: "default"
2026-05-20T15:38:03.324-04:00  INFO 55227 --- [LogiStock_MS_01_Productos] [main] .s.d.r.c.RepositoryConfigurationDelegate : Bootstrapping Spring Data JPA repositories in DEFAULT mode.
2026-05-20T15:38:03.480-04:00  INFO 55227 --- [LogiStock_MS_01_Productos] [main] .s.d.r.c.RepositoryConfigurationDelegate : Finished Spring Data repository scanning in 129 ms. Found 2 JPA repository interfaces.
2026-05-20T15:38:04.502-04:00  INFO 55227 --- [LogiStock_MS_01_Productos] [main] o.s.boot.tomcat.TomcatWebServer          : Tomcat initialized with port 8080 (http)
2026-05-20T15:38:04.535-04:00  INFO 55227 --- [LogiStock_MS_01_Productos] [main] o.apache.catalina.core.StandardService   : Starting service [Tomcat]
2026-05-20T15:38:04.536-04:00  INFO 55227 --- [LogiStock_MS_01_Productos] [main] o.apache.catalina.core.StandardEngine    : Starting Servlet engine: [Apache Tomcat/11.0.21]
2026-05-20T15:38:04.645-04:00  INFO 55227 --- [LogiStock_MS_01_Productos] [main] b.w.c.s.WebApplicationContextInitializer : Root WebApplicationContext: initialization completed in 2969 ms
2026-05-20T15:38:05.049-04:00  INFO 55227 --- [LogiStock_MS_01_Productos] [main] org.hibernate.orm.jpa                    : HHH008540: Processing PersistenceUnitInfo [name: default]
2026-05-20T15:38:05.169-04:00  INFO 55227 --- [LogiStock_MS_01_Productos] [main] org.hibernate.orm.core                   : HHH000001: Hibernate ORM core version 7.2.12.Final
2026-05-20T15:38:06.136-04:00  INFO 55227 --- [LogiStock_MS_01_Productos] [main] o.s.o.j.p.SpringPersistenceUnitInfo      : No LoadTimeWeaver setup: ignoring JPA class transformer
2026-05-20T15:38:06.209-04:00  INFO 55227 --- [LogiStock_MS_01_Productos] [main] com.zaxxer.hikari.HikariDataSource       : HikariPool-1 - Starting...
2026-05-20T15:38:06.993-04:00  INFO 55227 --- [LogiStock_MS_01_Productos] [main] com.zaxxer.hikari.pool.HikariPool        : HikariPool-1 - Added connection com.mysql.cj.jdbc.ConnectionImpl@6fbc7853
2026-05-20T15:38:06.996-04:00  INFO 55227 --- [LogiStock_MS_01_Productos] [main] com.zaxxer.hikari.HikariDataSource       : HikariPool-1 - Start completed.
2026-05-20T15:38:07.179-04:00  INFO 55227 --- [LogiStock_MS_01_Productos] [main] org.hibernate.orm.connections.pooling    : HHH10001005: Database info:
	Database JDBC URL [jdbc:mysql://localhost:3306/logiStock_MS_01]
	Database driver: MySQL Connector/J
	Database dialect: MySQLDialect
	Database version: 8.0.45
	Default catalog/schema: logiStock_MS_01/undefined
	Autocommit mode: undefined/unknown
	Isolation level: REPEATABLE_READ [default REPEATABLE_READ]
	JDBC fetch size: none
	Pool: DataSourceConnectionProvider
	Minimum pool size: undefined/unknown
	Maximum pool size: undefined/unknown
2026-05-20T15:38:08.982-04:00  INFO 55227 --- [LogiStock_MS_01_Productos] [main] org.hibernate.orm.core                   : HHH000489: No JTA platform available (set 'hibernate.transaction.jta.platform' to enable JTA platform integration)
2026-05-20T15:38:09.260-04:00  INFO 55227 --- [LogiStock_MS_01_Productos] [main] j.LocalContainerEntityManagerFactoryBean : Initialized JPA EntityManagerFactory for persistence unit 'default'
2026-05-20T15:38:09.420-04:00  INFO 55227 --- [LogiStock_MS_01_Productos] [main] o.s.d.j.r.query.QueryEnhancerFactories   : Hibernate is in classpath; If applicable, HQL parser will be used.
2026-05-20T15:38:09.727-04:00  WARN 55227 --- [LogiStock_MS_01_Productos] [main] JpaBaseConfiguration$JpaWebConfiguration : spring.jpa.open-in-view is enabled by default. Therefore, database queries may be performed during view rendering. Explicitly configure spring.jpa.open-in-view to disable this warning
2026-05-20T15:38:10.624-04:00  INFO 55227 --- [LogiStock_MS_01_Productos] [main] o.s.boot.tomcat.TomcatWebServer          : Tomcat started on port 8080 (http) with context path '/'
2026-05-20T15:38:10.641-04:00  INFO 55227 --- [LogiStock_MS_01_Productos] [main] c.e.L.LogiStockMs01Application           : Started LogiStockMs01Application in 10.428 seconds (process running for 11.369)
2026-05-20T15:39:15.257-04:00  INFO 55227 --- [LogiStock_MS_01_Productos] [SpringApplicationShutdownHook] o.s.boot.tomcat.GracefulShutdown         : Commencing graceful shutdown. Waiting for active requests to complete
2026-05-20T15:39:15.264-04:00  INFO 55227 --- [LogiStock_MS_01_Productos] [tomcat-shutdown] o.s.boot.tomcat.GracefulShutdown         : Graceful shutdown complete
2026-05-20T15:39:15.273-04:00  INFO 55227 --- [LogiStock_MS_01_Productos] [SpringApplicationShutdownHook] j.LocalContainerEntityManagerFactoryBean : Closing JPA EntityManagerFactory for persistence unit 'default'
2026-05-20T15:39:15.281-04:00  INFO 55227 --- [LogiStock_MS_01_Productos] [SpringApplicationShutdownHook] com.zaxxer.hikari.HikariDataSource       : HikariPool-1 - Shutdown initiated...
2026-05-20T15:39:15.300-04:00  INFO 55227 --- [LogiStock_MS_01_Productos] [SpringApplicationShutdownHook] com.zaxxer.hikari.HikariDataSource       : HikariPool-1 - Shutdown completed.
2026-05-20T15:48:12.409-04:00  INFO 59020 --- [LogiStock_MS_01_Productos] [main] c.e.L.LogiStockMs01Application           : Starting LogiStockMs01Application using Java 21.0.10 with PID 59020 (/home/sebas/Escritorio/LogiStock_MS/LogiStock_MS_01_Productos/target/classes started by sebas in /home/sebas/Escritorio/LogiStock_MS)
2026-05-20T15:48:12.421-04:00  INFO 59020 --- [LogiStock_MS_01_Productos] [main] c.e.L.LogiStockMs01Application           : No active profile set, falling back to 1 default profile: "default"
2026-05-20T15:48:14.361-04:00  INFO 59020 --- [LogiStock_MS_01_Productos] [main] .s.d.r.c.RepositoryConfigurationDelegate : Bootstrapping Spring Data JPA repositories in DEFAULT mode.
2026-05-20T15:48:14.552-04:00  INFO 59020 --- [LogiStock_MS_01_Productos] [main] .s.d.r.c.RepositoryConfigurationDelegate : Finished Spring Data repository scanning in 162 ms. Found 2 JPA repository interfaces.
2026-05-20T15:48:15.826-04:00  INFO 59020 --- [LogiStock_MS_01_Productos] [main] o.s.boot.tomcat.TomcatWebServer          : Tomcat initialized with port 8080 (http)
2026-05-20T15:48:15.867-04:00  INFO 59020 --- [LogiStock_MS_01_Productos] [main] o.apache.catalina.core.StandardService   : Starting service [Tomcat]
2026-05-20T15:48:15.868-04:00  INFO 59020 --- [LogiStock_MS_01_Productos] [main] o.apache.catalina.core.StandardEngine    : Starting Servlet engine: [Apache Tomcat/11.0.21]
2026-05-20T15:48:15.995-04:00  INFO 59020 --- [LogiStock_MS_01_Productos] [main] b.w.c.s.WebApplicationContextInitializer : Root WebApplicationContext: initialization completed in 3416 ms
2026-05-20T15:48:16.468-04:00  INFO 59020 --- [LogiStock_MS_01_Productos] [main] org.hibernate.orm.jpa                    : HHH008540: Processing PersistenceUnitInfo [name: default]
2026-05-20T15:48:16.592-04:00  INFO 59020 --- [LogiStock_MS_01_Productos] [main] org.hibernate.orm.core                   : HHH000001: Hibernate ORM core version 7.2.12.Final
2026-05-20T15:48:17.828-04:00  INFO 59020 --- [LogiStock_MS_01_Productos] [main] o.s.o.j.p.SpringPersistenceUnitInfo      : No LoadTimeWeaver setup: ignoring JPA class transformer
2026-05-20T15:48:17.937-04:00  INFO 59020 --- [LogiStock_MS_01_Productos] [main] com.zaxxer.hikari.HikariDataSource       : HikariPool-1 - Starting...
2026-05-20T15:48:18.734-04:00  INFO 59020 --- [LogiStock_MS_01_Productos] [main] com.zaxxer.hikari.pool.HikariPool        : HikariPool-1 - Added connection com.mysql.cj.jdbc.ConnectionImpl@7c47e077
2026-05-20T15:48:18.737-04:00  INFO 59020 --- [LogiStock_MS_01_Productos] [main] com.zaxxer.hikari.HikariDataSource       : HikariPool-1 - Start completed.
2026-05-20T15:48:18.939-04:00  INFO 59020 --- [LogiStock_MS_01_Productos] [main] org.hibernate.orm.connections.pooling    : HHH10001005: Database info:
	Database JDBC URL [jdbc:mysql://localhost:3306/logiStock_MS_01]
	Database driver: MySQL Connector/J
	Database dialect: MySQLDialect
	Database version: 8.0.45
	Default catalog/schema: logiStock_MS_01/undefined
	Autocommit mode: undefined/unknown
	Isolation level: REPEATABLE_READ [default REPEATABLE_READ]
	JDBC fetch size: none
	Pool: DataSourceConnectionProvider
	Minimum pool size: undefined/unknown
	Maximum pool size: undefined/unknown
2026-05-20T15:48:20.924-04:00  INFO 59020 --- [LogiStock_MS_01_Productos] [main] org.hibernate.orm.core                   : HHH000489: No JTA platform available (set 'hibernate.transaction.jta.platform' to enable JTA platform integration)
2026-05-20T15:48:21.092-04:00  INFO 59020 --- [LogiStock_MS_01_Productos] [main] j.LocalContainerEntityManagerFactoryBean : Initialized JPA EntityManagerFactory for persistence unit 'default'
2026-05-20T15:48:21.270-04:00  INFO 59020 --- [LogiStock_MS_01_Productos] [main] o.s.d.j.r.query.QueryEnhancerFactories   : Hibernate is in classpath; If applicable, HQL parser will be used.
2026-05-20T15:48:21.570-04:00  WARN 59020 --- [LogiStock_MS_01_Productos] [main] JpaBaseConfiguration$JpaWebConfiguration : spring.jpa.open-in-view is enabled by default. Therefore, database queries may be performed during view rendering. Explicitly configure spring.jpa.open-in-view to disable this warning
2026-05-20T15:48:22.442-04:00  INFO 59020 --- [LogiStock_MS_01_Productos] [main] o.s.boot.tomcat.TomcatWebServer          : Tomcat started on port 8080 (http) with context path '/'
2026-05-20T15:48:22.458-04:00  INFO 59020 --- [LogiStock_MS_01_Productos] [main] c.e.L.LogiStockMs01Application           : Started LogiStockMs01Application in 11.507 seconds (process running for 12.373)
2026-05-20T15:48:39.673-04:00  INFO 59020 --- [LogiStock_MS_01_Productos] [http-nio-8080-exec-1] o.a.c.c.C.[Tomcat].[localhost].[/]       : Initializing Spring DispatcherServlet 'dispatcherServlet'
2026-05-20T15:48:39.674-04:00  INFO 59020 --- [LogiStock_MS_01_Productos] [http-nio-8080-exec-1] o.s.web.servlet.DispatcherServlet        : Initializing Servlet 'dispatcherServlet'
2026-05-20T15:48:39.679-04:00  INFO 59020 --- [LogiStock_MS_01_Productos] [http-nio-8080-exec-1] o.s.web.servlet.DispatcherServlet        : Completed initialization in 4 ms
2026-05-20T15:48:40.199-04:00  INFO 59020 --- [LogiStock_MS_01_Productos] [http-nio-8080-exec-1] c.e.L.service.ProductoService            : Creando nuevo producto en el catálogo. SKU: SKU-DUOC-LOGISTOCK
2026-05-20T15:49:28.987-04:00  INFO 59020 --- [LogiStock_MS_01_Productos] [SpringApplicationShutdownHook] o.s.boot.tomcat.GracefulShutdown         : Commencing graceful shutdown. Waiting for active requests to complete
2026-05-20T15:49:28.993-04:00  INFO 59020 --- [LogiStock_MS_01_Productos] [tomcat-shutdown] o.s.boot.tomcat.GracefulShutdown         : Graceful shutdown complete
2026-05-20T15:49:29.004-04:00  INFO 59020 --- [LogiStock_MS_01_Productos] [SpringApplicationShutdownHook] j.LocalContainerEntityManagerFactoryBean : Closing JPA EntityManagerFactory for persistence unit 'default'
2026-05-20T15:49:29.011-04:00  INFO 59020 --- [LogiStock_MS_01_Productos] [SpringApplicationShutdownHook] com.zaxxer.hikari.HikariDataSource       : HikariPool-1 - Shutdown initiated...
2026-05-20T15:49:29.032-04:00  INFO 59020 --- [LogiStock_MS_01_Productos] [SpringApplicationShutdownHook] com.zaxxer.hikari.HikariDataSource       : HikariPool-1 - Shutdown completed.
2026-05-20T15:56:10.197-04:00  INFO 62070 --- [LogiStock_MS_01_Productos] [main] c.e.L.LogiStockMs01Application           : Starting LogiStockMs01Application using Java 21.0.10 with PID 62070 (/home/sebas/Escritorio/LogiStock_MS/LogiStock_MS_01_Productos/target/classes started by sebas in /home/sebas/Escritorio/LogiStock_MS)
2026-05-20T15:56:10.203-04:00  INFO 62070 --- [LogiStock_MS_01_Productos] [main] c.e.L.LogiStockMs01Application           : No active profile set, falling back to 1 default profile: "default"
2026-05-20T15:56:11.810-04:00  INFO 62070 --- [LogiStock_MS_01_Productos] [main] .s.d.r.c.RepositoryConfigurationDelegate : Bootstrapping Spring Data JPA repositories in DEFAULT mode.
2026-05-20T15:56:11.989-04:00  INFO 62070 --- [LogiStock_MS_01_Productos] [main] .s.d.r.c.RepositoryConfigurationDelegate : Finished Spring Data repository scanning in 148 ms. Found 2 JPA repository interfaces.
2026-05-20T15:56:13.142-04:00  INFO 62070 --- [LogiStock_MS_01_Productos] [main] o.s.boot.tomcat.TomcatWebServer          : Tomcat initialized with port 8080 (http)
2026-05-20T15:56:13.176-04:00  INFO 62070 --- [LogiStock_MS_01_Productos] [main] o.apache.catalina.core.StandardService   : Starting service [Tomcat]
2026-05-20T15:56:13.178-04:00  INFO 62070 --- [LogiStock_MS_01_Productos] [main] o.apache.catalina.core.StandardEngine    : Starting Servlet engine: [Apache Tomcat/11.0.21]
2026-05-20T15:56:13.283-04:00  INFO 62070 --- [LogiStock_MS_01_Productos] [main] b.w.c.s.WebApplicationContextInitializer : Root WebApplicationContext: initialization completed in 2945 ms
2026-05-20T15:56:13.713-04:00  INFO 62070 --- [LogiStock_MS_01_Productos] [main] org.hibernate.orm.jpa                    : HHH008540: Processing PersistenceUnitInfo [name: default]
2026-05-20T15:56:13.827-04:00  INFO 62070 --- [LogiStock_MS_01_Productos] [main] org.hibernate.orm.core                   : HHH000001: Hibernate ORM core version 7.2.12.Final
2026-05-20T15:56:14.842-04:00  INFO 62070 --- [LogiStock_MS_01_Productos] [main] o.s.o.j.p.SpringPersistenceUnitInfo      : No LoadTimeWeaver setup: ignoring JPA class transformer
2026-05-20T15:56:14.916-04:00  INFO 62070 --- [LogiStock_MS_01_Productos] [main] com.zaxxer.hikari.HikariDataSource       : HikariPool-1 - Starting...
2026-05-20T15:56:15.611-04:00  INFO 62070 --- [LogiStock_MS_01_Productos] [main] com.zaxxer.hikari.pool.HikariPool        : HikariPool-1 - Added connection com.mysql.cj.jdbc.ConnectionImpl@4df7b4ac
2026-05-20T15:56:15.615-04:00  INFO 62070 --- [LogiStock_MS_01_Productos] [main] com.zaxxer.hikari.HikariDataSource       : HikariPool-1 - Start completed.
2026-05-20T15:56:15.806-04:00  INFO 62070 --- [LogiStock_MS_01_Productos] [main] org.hibernate.orm.connections.pooling    : HHH10001005: Database info:
	Database JDBC URL [jdbc:mysql://localhost:3306/logiStock_MS_01]
	Database driver: MySQL Connector/J
	Database dialect: MySQLDialect
	Database version: 8.0.45
	Default catalog/schema: logiStock_MS_01/undefined
	Autocommit mode: undefined/unknown
	Isolation level: REPEATABLE_READ [default REPEATABLE_READ]
	JDBC fetch size: none
	Pool: DataSourceConnectionProvider
	Minimum pool size: undefined/unknown
	Maximum pool size: undefined/unknown
2026-05-20T15:56:17.657-04:00  INFO 62070 --- [LogiStock_MS_01_Productos] [main] org.hibernate.orm.core                   : HHH000489: No JTA platform available (set 'hibernate.transaction.jta.platform' to enable JTA platform integration)
2026-05-20T15:56:17.802-04:00  INFO 62070 --- [LogiStock_MS_01_Productos] [main] j.LocalContainerEntityManagerFactoryBean : Initialized JPA EntityManagerFactory for persistence unit 'default'
2026-05-20T15:56:17.994-04:00  INFO 62070 --- [LogiStock_MS_01_Productos] [main] o.s.d.j.r.query.QueryEnhancerFactories   : Hibernate is in classpath; If applicable, HQL parser will be used.
2026-05-20T15:56:18.319-04:00  WARN 62070 --- [LogiStock_MS_01_Productos] [main] JpaBaseConfiguration$JpaWebConfiguration : spring.jpa.open-in-view is enabled by default. Therefore, database queries may be performed during view rendering. Explicitly configure spring.jpa.open-in-view to disable this warning
2026-05-20T15:56:19.107-04:00  INFO 62070 --- [LogiStock_MS_01_Productos] [main] o.s.boot.tomcat.TomcatWebServer          : Tomcat started on port 8080 (http) with context path '/'
2026-05-20T15:56:19.126-04:00  INFO 62070 --- [LogiStock_MS_01_Productos] [main] c.e.L.LogiStockMs01Application           : Started LogiStockMs01Application in 10.23 seconds (process running for 11.062)
2026-05-20T15:56:24.394-04:00  INFO 62070 --- [LogiStock_MS_01_Productos] [http-nio-8080-exec-1] o.a.c.c.C.[Tomcat].[localhost].[/]       : Initializing Spring DispatcherServlet 'dispatcherServlet'
2026-05-20T15:56:24.395-04:00  INFO 62070 --- [LogiStock_MS_01_Productos] [http-nio-8080-exec-1] o.s.web.servlet.DispatcherServlet        : Initializing Servlet 'dispatcherServlet'
2026-05-20T15:56:24.399-04:00  INFO 62070 --- [LogiStock_MS_01_Productos] [http-nio-8080-exec-1] o.s.web.servlet.DispatcherServlet        : Completed initialization in 3 ms
2026-05-20T15:56:24.605-04:00  INFO 62070 --- [LogiStock_MS_01_Productos] [http-nio-8080-exec-1] c.e.L.service.ProductoService            : Se está obteniendo el producto con el id 999999
2026-05-20T15:57:26.799-04:00  INFO 62070 --- [LogiStock_MS_01_Productos] [SpringApplicationShutdownHook] o.s.boot.tomcat.GracefulShutdown         : Commencing graceful shutdown. Waiting for active requests to complete
2026-05-20T15:57:26.807-04:00  INFO 62070 --- [LogiStock_MS_01_Productos] [tomcat-shutdown] o.s.boot.tomcat.GracefulShutdown         : Graceful shutdown complete
2026-05-20T15:57:26.817-04:00  INFO 62070 --- [LogiStock_MS_01_Productos] [SpringApplicationShutdownHook] j.LocalContainerEntityManagerFactoryBean : Closing JPA EntityManagerFactory for persistence unit 'default'
2026-05-20T15:57:26.824-04:00  INFO 62070 --- [LogiStock_MS_01_Productos] [SpringApplicationShutdownHook] com.zaxxer.hikari.HikariDataSource       : HikariPool-1 - Shutdown initiated...
2026-05-20T15:57:26.852-04:00  INFO 62070 --- [LogiStock_MS_01_Productos] [SpringApplicationShutdownHook] com.zaxxer.hikari.HikariDataSource       : HikariPool-1 - Shutdown completed.
2026-05-20T18:44:11.608-04:00  INFO 22100 --- [LogiStock_MS_01_Productos] [main] c.e.L.LogiStockMs01Application           : Starting LogiStockMs01Application using Java 21.0.9 with PID 22100 (C:\Users\va-alumno\Desktop\LogiStock_MS\LogiStock_MS_01_Productos\target\classes started by VA-Alumno in C:\Users\va-alumno\Desktop\LogiStock_MS)
2026-05-20T18:44:11.610-04:00  INFO 22100 --- [LogiStock_MS_01_Productos] [main] c.e.L.LogiStockMs01Application           : No active profile set, falling back to 1 default profile: "default"
2026-05-20T18:44:12.076-04:00  INFO 22100 --- [LogiStock_MS_01_Productos] [main] .s.d.r.c.RepositoryConfigurationDelegate : Bootstrapping Spring Data JPA repositories in DEFAULT mode.
2026-05-20T18:44:12.120-04:00  INFO 22100 --- [LogiStock_MS_01_Productos] [main] .s.d.r.c.RepositoryConfigurationDelegate : Finished Spring Data repository scanning in 34 ms. Found 2 JPA repository interfaces.
2026-05-20T18:44:12.439-04:00  INFO 22100 --- [LogiStock_MS_01_Productos] [main] o.s.boot.tomcat.TomcatWebServer          : Tomcat initialized with port 8081 (http)
2026-05-20T18:44:12.449-04:00  INFO 22100 --- [LogiStock_MS_01_Productos] [main] o.apache.catalina.core.StandardService   : Starting service [Tomcat]
2026-05-20T18:44:12.449-04:00  INFO 22100 --- [LogiStock_MS_01_Productos] [main] o.apache.catalina.core.StandardEngine    : Starting Servlet engine: [Apache Tomcat/11.0.21]
2026-05-20T18:44:12.492-04:00  INFO 22100 --- [LogiStock_MS_01_Productos] [main] b.w.c.s.WebApplicationContextInitializer : Root WebApplicationContext: initialization completed in 847 ms
2026-05-20T18:44:12.620-04:00  INFO 22100 --- [LogiStock_MS_01_Productos] [main] org.hibernate.orm.jpa                    : HHH008540: Processing PersistenceUnitInfo [name: default]
2026-05-20T18:44:12.665-04:00  INFO 22100 --- [LogiStock_MS_01_Productos] [main] org.hibernate.orm.core                   : HHH000001: Hibernate ORM core version 7.2.12.Final
2026-05-20T18:44:13.003-04:00  INFO 22100 --- [LogiStock_MS_01_Productos] [main] o.s.o.j.p.SpringPersistenceUnitInfo      : No LoadTimeWeaver setup: ignoring JPA class transformer
2026-05-20T18:44:13.020-04:00  INFO 22100 --- [LogiStock_MS_01_Productos] [main] com.zaxxer.hikari.HikariDataSource       : HikariPool-1 - Starting...
2026-05-20T18:44:13.113-04:00  INFO 22100 --- [LogiStock_MS_01_Productos] [main] com.zaxxer.hikari.pool.HikariPool        : HikariPool-1 - Added connection com.mysql.cj.jdbc.ConnectionImpl@70c31b17
2026-05-20T18:44:13.115-04:00  INFO 22100 --- [LogiStock_MS_01_Productos] [main] com.zaxxer.hikari.HikariDataSource       : HikariPool-1 - Start completed.
2026-05-20T18:44:13.143-04:00  WARN 22100 --- [LogiStock_MS_01_Productos] [main] org.hibernate.orm.core                   : HHH000511: The 5.5.5 version for [org.hibernate.dialect.MySQLDialect] is no longer supported, hence certain features may not work properly.The minimum supported version is 8.0.0. Check the community dialects project for available legacy versions.
2026-05-20T18:44:13.155-04:00  INFO 22100 --- [LogiStock_MS_01_Productos] [main] org.hibernate.orm.connections.pooling    : HHH10001005: Database info:
	Database JDBC URL [jdbc:mysql://localhost:3306/logiStock_MS_01]
	Database driver: MySQL Connector/J
	Database dialect: MySQLDialect
	Database version: 5.5.5
	Default catalog/schema: logiStock_MS_01/undefined
	Autocommit mode: undefined/unknown
	Isolation level: REPEATABLE_READ [default REPEATABLE_READ]
	JDBC fetch size: none
	Pool: DataSourceConnectionProvider
	Minimum pool size: undefined/unknown
	Maximum pool size: undefined/unknown
2026-05-20T18:44:13.646-04:00  INFO 22100 --- [LogiStock_MS_01_Productos] [main] org.hibernate.orm.core                   : HHH000489: No JTA platform available (set 'hibernate.transaction.jta.platform' to enable JTA platform integration)
2026-05-20T18:44:13.728-04:00  INFO 22100 --- [LogiStock_MS_01_Productos] [main] j.LocalContainerEntityManagerFactoryBean : Initialized JPA EntityManagerFactory for persistence unit 'default'
2026-05-20T18:44:13.777-04:00  INFO 22100 --- [LogiStock_MS_01_Productos] [main] o.s.d.j.r.query.QueryEnhancerFactories   : Hibernate is in classpath; If applicable, HQL parser will be used.
2026-05-20T18:44:13.851-04:00  WARN 22100 --- [LogiStock_MS_01_Productos] [main] JpaBaseConfiguration$JpaWebConfiguration : spring.jpa.open-in-view is enabled by default. Therefore, database queries may be performed during view rendering. Explicitly configure spring.jpa.open-in-view to disable this warning
2026-05-20T18:44:14.062-04:00  INFO 22100 --- [LogiStock_MS_01_Productos] [main] o.s.boot.tomcat.TomcatWebServer          : Tomcat started on port 8081 (http) with context path '/'
2026-05-20T18:44:14.067-04:00  INFO 22100 --- [LogiStock_MS_01_Productos] [main] c.e.L.LogiStockMs01Application           : Started LogiStockMs01Application in 2.744 seconds (process running for 2.974)
