2026-05-20T19:29:29.661-04:00  INFO 20468 --- [LogiStock_MS_05_Ordenes_Compra] [main] .L.LogiStockMs05OrdenesCompraApplication : Starting LogiStockMs05OrdenesCompraApplication using Java 21.0.9 with PID 20468 (C:\Users\va-alumno\Desktop\LogiStock_MS\LogiStock_MS_05_Ordenes_Compra\target\classes started by VA-Alumno in C:\Users\va-alumno\Desktop\LogiStock_MS\LogiStock_MS_05_Ordenes_Compra)
2026-05-20T19:29:29.663-04:00  INFO 20468 --- [LogiStock_MS_05_Ordenes_Compra] [main] .L.LogiStockMs05OrdenesCompraApplication : No active profile set, falling back to 1 default profile: "default"
2026-05-20T19:29:29.989-04:00  INFO 20468 --- [LogiStock_MS_05_Ordenes_Compra] [main] .s.d.r.c.RepositoryConfigurationDelegate : Bootstrapping Spring Data JPA repositories in DEFAULT mode.
2026-05-20T19:29:30.020-04:00  INFO 20468 --- [LogiStock_MS_05_Ordenes_Compra] [main] .s.d.r.c.RepositoryConfigurationDelegate : Finished Spring Data repository scanning in 25 ms. Found 2 JPA repository interfaces.
2026-05-20T19:29:30.061-04:00  WARN 20468 --- [LogiStock_MS_05_Ordenes_Compra] [main] ConfigServletWebServerApplicationContext : Exception encountered during context initialization - cancelling refresh attempt: java.lang.IllegalStateException: Error processing condition on org.springframework.cloud.client.discovery.simple.SimpleDiscoveryClientAutoConfiguration.simpleDiscoveryProperties
2026-05-20T19:29:30.065-04:00  INFO 20468 --- [LogiStock_MS_05_Ordenes_Compra] [main] .s.b.a.l.ConditionEvaluationReportLogger : 

Error starting ApplicationContext. To display the condition evaluation report re-run your application with 'debug' enabled.
2026-05-20T19:29:30.073-04:00 ERROR 20468 --- [LogiStock_MS_05_Ordenes_Compra] [main] o.s.boot.SpringApplication               : Application run failed

java.lang.IllegalStateException: Error processing condition on org.springframework.cloud.client.discovery.simple.SimpleDiscoveryClientAutoConfiguration.simpleDiscoveryProperties
	at org.springframework.boot.autoconfigure.condition.SpringBootCondition.matches(SpringBootCondition.java:60) ~[spring-boot-autoconfigure-4.0.6.jar:4.0.6]
	at org.springframework.context.annotation.ConditionEvaluator.shouldSkip(ConditionEvaluator.java:100) ~[spring-context-7.0.7.jar:7.0.7]
	at org.springframework.context.annotation.ConfigurationClassBeanDefinitionReader.loadBeanDefinitionsForBeanMethod(ConfigurationClassBeanDefinitionReader.java:196) ~[spring-context-7.0.7.jar:7.0.7]
	at org.springframework.context.annotation.ConfigurationClassBeanDefinitionReader.loadBeanDefinitionsForConfigurationClass(ConfigurationClassBeanDefinitionReader.java:148) ~[spring-context-7.0.7.jar:7.0.7]
	at org.springframework.context.annotation.ConfigurationClassBeanDefinitionReader.loadBeanDefinitions(ConfigurationClassBeanDefinitionReader.java:124) ~[spring-context-7.0.7.jar:7.0.7]
	at org.springframework.context.annotation.ConfigurationClassPostProcessor.processConfigBeanDefinitions(ConfigurationClassPostProcessor.java:464) ~[spring-context-7.0.7.jar:7.0.7]
	at org.springframework.context.annotation.ConfigurationClassPostProcessor.postProcessBeanDefinitionRegistry(ConfigurationClassPostProcessor.java:316) ~[spring-context-7.0.7.jar:7.0.7]
	at org.springframework.context.support.PostProcessorRegistrationDelegate.invokeBeanDefinitionRegistryPostProcessors(PostProcessorRegistrationDelegate.java:349) ~[spring-context-7.0.7.jar:7.0.7]
	at org.springframework.context.support.PostProcessorRegistrationDelegate.invokeBeanFactoryPostProcessors(PostProcessorRegistrationDelegate.java:118) ~[spring-context-7.0.7.jar:7.0.7]
	at org.springframework.context.support.AbstractApplicationContext.invokeBeanFactoryPostProcessors(AbstractApplicationContext.java:795) ~[spring-context-7.0.7.jar:7.0.7]
	at org.springframework.context.support.AbstractApplicationContext.refresh(AbstractApplicationContext.java:603) ~[spring-context-7.0.7.jar:7.0.7]
	at org.springframework.boot.web.server.servlet.context.ServletWebServerApplicationContext.refresh(ServletWebServerApplicationContext.java:143) ~[spring-boot-web-server-4.0.6.jar:4.0.6]
	at org.springframework.boot.SpringApplication.refresh(SpringApplication.java:756) ~[spring-boot-4.0.6.jar:4.0.6]
	at org.springframework.boot.SpringApplication.refreshContext(SpringApplication.java:445) ~[spring-boot-4.0.6.jar:4.0.6]
	at org.springframework.boot.SpringApplication.run(SpringApplication.java:321) ~[spring-boot-4.0.6.jar:4.0.6]
	at org.springframework.boot.SpringApplication.run(SpringApplication.java:1365) ~[spring-boot-4.0.6.jar:4.0.6]
	at org.springframework.boot.SpringApplication.run(SpringApplication.java:1354) ~[spring-boot-4.0.6.jar:4.0.6]
	at com.example.LogiStock_MS_05_Ordenes_Compra.LogiStockMs05OrdenesCompraApplication.main(LogiStockMs05OrdenesCompraApplication.java:12) ~[classes/:na]
Caused by: java.lang.IllegalStateException: @ConditionalOnMissingBean did not specify a bean using type, name or annotation and the attempt to deduce the bean's type failed
	at org.springframework.boot.autoconfigure.condition.OnBeanCondition$Spec.validate(OnBeanCondition.java:657) ~[spring-boot-autoconfigure-4.0.6.jar:4.0.6]
	at org.springframework.boot.autoconfigure.condition.OnBeanCondition$Spec.<init>(OnBeanCondition.java:603) ~[spring-boot-autoconfigure-4.0.6.jar:4.0.6]
	at org.springframework.boot.autoconfigure.condition.OnBeanCondition.getMatchOutcome(OnBeanCondition.java:147) ~[spring-boot-autoconfigure-4.0.6.jar:4.0.6]
	at org.springframework.boot.autoconfigure.condition.SpringBootCondition.matches(SpringBootCondition.java:47) ~[spring-boot-autoconfigure-4.0.6.jar:4.0.6]
	... 17 common frames omitted
Caused by: org.springframework.boot.autoconfigure.condition.OnBeanCondition$BeanTypeDeductionException: Failed to deduce bean type for org.springframework.cloud.client.discovery.simple.SimpleDiscoveryClientAutoConfiguration.simpleDiscoveryProperties
	at org.springframework.boot.autoconfigure.condition.OnBeanCondition$Spec.deducedBeanTypeForBeanMethod(OnBeanCondition.java:686) ~[spring-boot-autoconfigure-4.0.6.jar:4.0.6]
	at org.springframework.boot.autoconfigure.condition.OnBeanCondition$Spec.deducedBeanType(OnBeanCondition.java:676) ~[spring-boot-autoconfigure-4.0.6.jar:4.0.6]
	at org.springframework.boot.autoconfigure.condition.OnBeanCondition$Spec.<init>(OnBeanCondition.java:596) ~[spring-boot-autoconfigure-4.0.6.jar:4.0.6]
	... 19 common frames omitted
Caused by: java.lang.IllegalStateException: Failed to introspect Class [org.springframework.cloud.client.discovery.simple.SimpleDiscoveryClientAutoConfiguration] from ClassLoader [jdk.internal.loader.ClassLoaders$AppClassLoader@33909752]
	at org.springframework.util.ReflectionUtils.getDeclaredMethods(ReflectionUtils.java:483) ~[spring-core-7.0.7.jar:7.0.7]
	at org.springframework.util.ReflectionUtils.findMethod(ReflectionUtils.java:240) ~[spring-core-7.0.7.jar:7.0.7]
	at org.springframework.util.ReflectionUtils.findMethod(ReflectionUtils.java:221) ~[spring-core-7.0.7.jar:7.0.7]
	at org.springframework.boot.autoconfigure.condition.OnBeanCondition$Spec.findBeanMethod(OnBeanCondition.java:715) ~[spring-boot-autoconfigure-4.0.6.jar:4.0.6]
	at org.springframework.boot.autoconfigure.condition.OnBeanCondition$Spec.getMethodReturnType(OnBeanCondition.java:710) ~[spring-boot-autoconfigure-4.0.6.jar:4.0.6]
	at org.springframework.boot.autoconfigure.condition.OnBeanCondition$Spec.getReturnType(OnBeanCondition.java:694) ~[spring-boot-autoconfigure-4.0.6.jar:4.0.6]
	at org.springframework.boot.autoconfigure.condition.OnBeanCondition$Spec.deducedBeanTypeForBeanMethod(OnBeanCondition.java:683) ~[spring-boot-autoconfigure-4.0.6.jar:4.0.6]
	... 21 common frames omitted
Caused by: java.lang.NoClassDefFoundError: org/springframework/boot/web/context/WebServerInitializedEvent
	at java.base/java.lang.Class.getDeclaredMethods0(Native Method) ~[na:na]
	at java.base/java.lang.Class.privateGetDeclaredMethods(Class.java:3580) ~[na:na]
	at java.base/java.lang.Class.getDeclaredMethods(Class.java:2678) ~[na:na]
	at org.springframework.util.ReflectionUtils.getDeclaredMethods(ReflectionUtils.java:465) ~[spring-core-7.0.7.jar:7.0.7]
	... 27 common frames omitted
Caused by: java.lang.ClassNotFoundException: org.springframework.boot.web.context.WebServerInitializedEvent
	at java.base/jdk.internal.loader.BuiltinClassLoader.loadClass(BuiltinClassLoader.java:641) ~[na:na]
	at java.base/jdk.internal.loader.ClassLoaders$AppClassLoader.loadClass(ClassLoaders.java:188) ~[na:na]
	at java.base/java.lang.ClassLoader.loadClass(ClassLoader.java:526) ~[na:na]
	... 31 common frames omitted

2026-05-20T19:38:30.152-04:00  INFO 21168 --- [LogiStock_MS_05_Ordenes_Compra] [main] .L.LogiStockMs05OrdenesCompraApplication : Starting LogiStockMs05OrdenesCompraApplication using Java 21.0.9 with PID 21168 (C:\Users\va-alumno\Desktop\LogiStock_MS\LogiStock_MS_05_Ordenes_Compra\target\classes started by VA-Alumno in C:\Users\va-alumno\Desktop\LogiStock_MS\LogiStock_MS_05_Ordenes_Compra)
2026-05-20T19:38:30.153-04:00  INFO 21168 --- [LogiStock_MS_05_Ordenes_Compra] [main] .L.LogiStockMs05OrdenesCompraApplication : No active profile set, falling back to 1 default profile: "default"
2026-05-20T19:38:30.492-04:00  INFO 21168 --- [LogiStock_MS_05_Ordenes_Compra] [main] .s.d.r.c.RepositoryConfigurationDelegate : Bootstrapping Spring Data JPA repositories in DEFAULT mode.
2026-05-20T19:38:30.530-04:00  INFO 21168 --- [LogiStock_MS_05_Ordenes_Compra] [main] .s.d.r.c.RepositoryConfigurationDelegate : Finished Spring Data repository scanning in 33 ms. Found 2 JPA repository interfaces.
2026-05-20T19:38:30.605-04:00  INFO 21168 --- [LogiStock_MS_05_Ordenes_Compra] [main] o.s.cloud.context.scope.GenericScope     : BeanFactory id=df6daa2b-3492-30ab-841a-f53f491db86e
2026-05-20T19:38:30.774-04:00  INFO 21168 --- [LogiStock_MS_05_Ordenes_Compra] [main] o.s.b.w.embedded.tomcat.TomcatWebServer  : Tomcat initialized with port 8085 (http)
2026-05-20T19:38:30.781-04:00  INFO 21168 --- [LogiStock_MS_05_Ordenes_Compra] [main] o.apache.catalina.core.StandardService   : Starting service [Tomcat]
2026-05-20T19:38:30.781-04:00  INFO 21168 --- [LogiStock_MS_05_Ordenes_Compra] [main] o.apache.catalina.core.StandardEngine    : Starting Servlet engine: [Apache Tomcat/10.1.36]
2026-05-20T19:38:30.809-04:00  INFO 21168 --- [LogiStock_MS_05_Ordenes_Compra] [main] o.a.c.c.C.[Tomcat].[localhost].[/]       : Initializing Spring embedded WebApplicationContext
2026-05-20T19:38:30.809-04:00  INFO 21168 --- [LogiStock_MS_05_Ordenes_Compra] [main] w.s.c.ServletWebServerApplicationContext : Root WebApplicationContext: initialization completed in 633 ms
2026-05-20T19:38:30.877-04:00  INFO 21168 --- [LogiStock_MS_05_Ordenes_Compra] [main] o.hibernate.jpa.internal.util.LogHelper  : HHH000204: Processing PersistenceUnitInfo [name: default]
2026-05-20T19:38:30.902-04:00  INFO 21168 --- [LogiStock_MS_05_Ordenes_Compra] [main] org.hibernate.Version                    : HHH000412: Hibernate ORM core version 6.6.8.Final
2026-05-20T19:38:30.916-04:00  INFO 21168 --- [LogiStock_MS_05_Ordenes_Compra] [main] o.h.c.internal.RegionFactoryInitiator    : HHH000026: Second-level cache disabled
2026-05-20T19:38:31.035-04:00  INFO 21168 --- [LogiStock_MS_05_Ordenes_Compra] [main] o.s.o.j.p.SpringPersistenceUnitInfo      : No LoadTimeWeaver setup: ignoring JPA class transformer
2026-05-20T19:38:31.048-04:00  INFO 21168 --- [LogiStock_MS_05_Ordenes_Compra] [main] com.zaxxer.hikari.HikariDataSource       : HikariPool-1 - Starting...
2026-05-20T19:38:31.130-04:00  INFO 21168 --- [LogiStock_MS_05_Ordenes_Compra] [main] com.zaxxer.hikari.pool.HikariPool        : HikariPool-1 - Added connection com.mysql.cj.jdbc.ConnectionImpl@1ed9d173
2026-05-20T19:38:31.131-04:00  INFO 21168 --- [LogiStock_MS_05_Ordenes_Compra] [main] com.zaxxer.hikari.HikariDataSource       : HikariPool-1 - Start completed.
2026-05-20T19:38:31.158-04:00  WARN 21168 --- [LogiStock_MS_05_Ordenes_Compra] [main] org.hibernate.dialect.Dialect            : HHH000511: The 5.5.5 version for [org.hibernate.dialect.MySQLDialect] is no longer supported, hence certain features may not work properly. The minimum supported version is 8.0.0. Check the community dialects project for available legacy versions.
2026-05-20T19:38:31.168-04:00  INFO 21168 --- [LogiStock_MS_05_Ordenes_Compra] [main] org.hibernate.orm.connections.pooling    : HHH10001005: Database info:
	Database JDBC URL [Connecting through datasource 'HikariDataSource (HikariPool-1)']
	Database driver: undefined/unknown
	Database version: 5.5.5
	Autocommit mode: undefined/unknown
	Isolation level: undefined/unknown
	Minimum pool size: undefined/unknown
	Maximum pool size: undefined/unknown
2026-05-20T19:38:31.600-04:00  INFO 21168 --- [LogiStock_MS_05_Ordenes_Compra] [main] o.h.e.t.j.p.i.JtaPlatformInitiator       : HHH000489: No JTA platform available (set 'hibernate.transaction.jta.platform' to enable JTA platform integration)
2026-05-20T19:38:31.658-04:00  INFO 21168 --- [LogiStock_MS_05_Ordenes_Compra] [main] j.LocalContainerEntityManagerFactoryBean : Initialized JPA EntityManagerFactory for persistence unit 'default'
2026-05-20T19:38:31.799-04:00  WARN 21168 --- [LogiStock_MS_05_Ordenes_Compra] [main] JpaBaseConfiguration$JpaWebConfiguration : spring.jpa.open-in-view is enabled by default. Therefore, database queries may be performed during view rendering. Explicitly configure spring.jpa.open-in-view to disable this warning
2026-05-20T19:38:33.022-04:00  INFO 21168 --- [LogiStock_MS_05_Ordenes_Compra] [main] o.s.cloud.commons.util.InetUtils         : Cannot determine local hostname
2026-05-20T19:38:33.050-04:00  INFO 21168 --- [LogiStock_MS_05_Ordenes_Compra] [main] o.s.b.w.embedded.tomcat.TomcatWebServer  : Tomcat started on port 8085 (http) with context path '/'
2026-05-20T19:38:34.066-04:00  INFO 21168 --- [LogiStock_MS_05_Ordenes_Compra] [main] o.s.cloud.commons.util.InetUtils         : Cannot determine local hostname
2026-05-20T19:38:34.072-04:00  INFO 21168 --- [LogiStock_MS_05_Ordenes_Compra] [main] .L.LogiStockMs05OrdenesCompraApplication : Started LogiStockMs05OrdenesCompraApplication in 5.165 seconds (process running for 5.408)
2026-05-20T19:40:02.547-04:00  INFO 21168 --- [LogiStock_MS_05_Ordenes_Compra] [SpringApplicationShutdownHook] o.s.b.w.e.tomcat.GracefulShutdown        : Commencing graceful shutdown. Waiting for active requests to complete
2026-05-20T19:40:02.551-04:00  INFO 21168 --- [LogiStock_MS_05_Ordenes_Compra] [tomcat-shutdown] o.s.b.w.e.tomcat.GracefulShutdown        : Graceful shutdown complete
2026-05-20T19:40:02.554-04:00  INFO 21168 --- [LogiStock_MS_05_Ordenes_Compra] [SpringApplicationShutdownHook] j.LocalContainerEntityManagerFactoryBean : Closing JPA EntityManagerFactory for persistence unit 'default'
2026-05-20T19:40:02.555-04:00  INFO 21168 --- [LogiStock_MS_05_Ordenes_Compra] [SpringApplicationShutdownHook] com.zaxxer.hikari.HikariDataSource       : HikariPool-1 - Shutdown initiated...
2026-05-20T19:40:02.558-04:00  INFO 21168 --- [LogiStock_MS_05_Ordenes_Compra] [SpringApplicationShutdownHook] com.zaxxer.hikari.HikariDataSource       : HikariPool-1 - Shutdown completed.
