2026-06-20T22:03:49.744-04:00  INFO 73798 --- [LogiStock_MS_01_Productos] [main] c.e.L.LogiStockMs01Application           : Starting LogiStockMs01Application using Java 21.0.11 with PID 73798 (/home/sebas/Escritorio/LogiStock_MS/LogiStock_MS_01_Productos/target/classes started by sebas in /home/sebas/Escritorio/LogiStock_MS)
2026-06-20T22:03:49.755-04:00  INFO 73798 --- [LogiStock_MS_01_Productos] [main] c.e.L.LogiStockMs01Application           : No active profile set, falling back to 1 default profile: "default"
2026-06-20T22:03:52.272-04:00  INFO 73798 --- [LogiStock_MS_01_Productos] [main] .s.d.r.c.RepositoryConfigurationDelegate : Bootstrapping Spring Data JPA repositories in DEFAULT mode.
2026-06-20T22:03:52.795-04:00  INFO 73798 --- [LogiStock_MS_01_Productos] [main] .s.d.r.c.RepositoryConfigurationDelegate : Finished Spring Data repository scanning in 494 ms. Found 2 JPA repository interfaces.
2026-06-20T22:03:54.041-04:00  INFO 73798 --- [LogiStock_MS_01_Productos] [main] o.s.cloud.context.scope.GenericScope     : BeanFactory id=b6d6ab80-a4c6-3cd6-b337-f1ad9833deb8
2026-06-20T22:03:54.777-04:00  WARN 73798 --- [LogiStock_MS_01_Productos] [main] trationDelegate$BeanPostProcessorChecker : Bean 'org.springframework.cloud.client.loadbalancer.LoadBalancerAutoConfiguration$DeferringLoadBalancerInterceptorConfig' of type [org.springframework.cloud.client.loadbalancer.LoadBalancerAutoConfiguration$DeferringLoadBalancerInterceptorConfig] is not eligible for getting processed by all BeanPostProcessors (for example: not eligible for auto-proxying). The currently created BeanPostProcessor [lbRestClientPostProcessor] is declared through a non-static factory method on that class; consider declaring it as static instead.
2026-06-20T22:03:54.789-04:00  WARN 73798 --- [LogiStock_MS_01_Productos] [main] trationDelegate$BeanPostProcessorChecker : Bean 'deferringLoadBalancerInterceptor' of type [org.springframework.cloud.client.loadbalancer.DeferringLoadBalancerInterceptor] is not eligible for getting processed by all BeanPostProcessors (for example: not eligible for auto-proxying). Is this bean getting eagerly injected/applied to a currently created BeanPostProcessor [lbRestClientPostProcessor]? Check the corresponding BeanPostProcessor declaration and its dependencies/advisors. If this bean does not have to be post-processed, declare it with ROLE_INFRASTRUCTURE.
2026-06-20T22:03:55.848-04:00  INFO 73798 --- [LogiStock_MS_01_Productos] [main] o.s.b.w.embedded.tomcat.TomcatWebServer  : Tomcat initialized with port 8081 (http)
2026-06-20T22:03:55.904-04:00  INFO 73798 --- [LogiStock_MS_01_Productos] [main] o.apache.catalina.core.StandardService   : Starting service [Tomcat]
2026-06-20T22:03:55.907-04:00  INFO 73798 --- [LogiStock_MS_01_Productos] [main] o.apache.catalina.core.StandardEngine    : Starting Servlet engine: [Apache Tomcat/10.1.31]
2026-06-20T22:03:56.301-04:00  INFO 73798 --- [LogiStock_MS_01_Productos] [main] o.a.c.c.C.[Tomcat].[localhost].[/]       : Initializing Spring embedded WebApplicationContext
2026-06-20T22:03:56.306-04:00  INFO 73798 --- [LogiStock_MS_01_Productos] [main] w.s.c.ServletWebServerApplicationContext : Root WebApplicationContext: initialization completed in 6278 ms
2026-06-20T22:03:57.886-04:00  INFO 73798 --- [LogiStock_MS_01_Productos] [main] com.zaxxer.hikari.HikariDataSource       : HikariPool-1 - Starting...
2026-06-20T22:04:01.034-04:00  INFO 73798 --- [LogiStock_MS_01_Productos] [main] com.zaxxer.hikari.HikariDataSource       : HikariPool-1 - Starting...
2026-06-20T22:04:02.198-04:00  INFO 73798 --- [LogiStock_MS_01_Productos] [main] com.zaxxer.hikari.HikariDataSource       : HikariPool-1 - Starting...
2026-06-20T22:04:03.399-04:00  INFO 73798 --- [LogiStock_MS_01_Productos] [main] com.zaxxer.hikari.HikariDataSource       : HikariPool-1 - Starting...
2026-06-20T22:04:04.572-04:00  INFO 73798 --- [LogiStock_MS_01_Productos] [main] com.zaxxer.hikari.HikariDataSource       : HikariPool-1 - Starting...
2026-06-20T22:04:05.708-04:00  WARN 73798 --- [LogiStock_MS_01_Productos] [main] ConfigServletWebServerApplicationContext : Exception encountered during context initialization - cancelling refresh attempt: org.springframework.beans.factory.BeanCreationException: Error creating bean with name 'entityManagerFactory' defined in class path resource [org/springframework/boot/autoconfigure/orm/jpa/HibernateJpaConfiguration.class]: Failed to initialize dependency 'flywayInitializer' of LoadTimeWeaverAware bean 'entityManagerFactory': Error creating bean with name 'flywayInitializer' defined in class path resource [org/springframework/boot/autoconfigure/flyway/FlywayAutoConfiguration$FlywayConfiguration.class]: Unable to obtain connection from database: Access denied for user 'root'@'localhost'
------------------------------------------------------------------------------------
SQL State  : 28000
Error Code : 1698
Message    : Access denied for user 'root'@'localhost'

