2026-05-27T16:10:32.162-04:00  INFO 32982 --- [LogiStock_MS_05_Ordenes_Compra] [main] .L.LogiStockMs05OrdenesCompraApplication : Starting LogiStockMs05OrdenesCompraApplication using Java 21.0.10 with PID 32982 (/home/sebas/LogiStock_MS/LogiStock_MS_05_Ordenes_Compra/target/classes started by sebas in /home/sebas/LogiStock_MS)
2026-05-27T16:10:32.170-04:00  INFO 32982 --- [LogiStock_MS_05_Ordenes_Compra] [main] .L.LogiStockMs05OrdenesCompraApplication : No active profile set, falling back to 1 default profile: "default"
2026-05-27T16:10:35.220-04:00  INFO 32982 --- [LogiStock_MS_05_Ordenes_Compra] [main] .s.d.r.c.RepositoryConfigurationDelegate : Bootstrapping Spring Data JPA repositories in DEFAULT mode.
2026-05-27T16:10:35.443-04:00  INFO 32982 --- [LogiStock_MS_05_Ordenes_Compra] [main] .s.d.r.c.RepositoryConfigurationDelegate : Finished Spring Data repository scanning in 191 ms. Found 2 JPA repository interfaces.
2026-05-27T16:10:36.173-04:00  INFO 32982 --- [LogiStock_MS_05_Ordenes_Compra] [main] o.s.cloud.context.scope.GenericScope     : BeanFactory id=6b6003d6-f553-39db-a0cc-7c40eafb28d0
2026-05-27T16:10:37.412-04:00  INFO 32982 --- [LogiStock_MS_05_Ordenes_Compra] [main] o.s.b.w.embedded.tomcat.TomcatWebServer  : Tomcat initialized with port 8085 (http)
2026-05-27T16:10:37.468-04:00  INFO 32982 --- [LogiStock_MS_05_Ordenes_Compra] [main] o.apache.catalina.core.StandardService   : Starting service [Tomcat]
2026-05-27T16:10:37.470-04:00  INFO 32982 --- [LogiStock_MS_05_Ordenes_Compra] [main] o.apache.catalina.core.StandardEngine    : Starting Servlet engine: [Apache Tomcat/10.1.36]
2026-05-27T16:10:37.654-04:00  INFO 32982 --- [LogiStock_MS_05_Ordenes_Compra] [main] o.a.c.c.C.[Tomcat].[localhost].[/]       : Initializing Spring embedded WebApplicationContext
2026-05-27T16:10:37.657-04:00  INFO 32982 --- [LogiStock_MS_05_Ordenes_Compra] [main] w.s.c.ServletWebServerApplicationContext : Root WebApplicationContext: initialization completed in 5236 ms
2026-05-27T16:10:38.244-04:00  INFO 32982 --- [LogiStock_MS_05_Ordenes_Compra] [main] o.hibernate.jpa.internal.util.LogHelper  : HHH000204: Processing PersistenceUnitInfo [name: default]
2026-05-27T16:10:38.401-04:00  INFO 32982 --- [LogiStock_MS_05_Ordenes_Compra] [main] org.hibernate.Version                    : HHH000412: Hibernate ORM core version 6.6.8.Final
2026-05-27T16:10:38.624-04:00  INFO 32982 --- [LogiStock_MS_05_Ordenes_Compra] [main] o.h.c.internal.RegionFactoryInitiator    : HHH000026: Second-level cache disabled
2026-05-27T16:10:39.768-04:00  INFO 32982 --- [LogiStock_MS_05_Ordenes_Compra] [main] o.s.o.j.p.SpringPersistenceUnitInfo      : No LoadTimeWeaver setup: ignoring JPA class transformer
2026-05-27T16:10:39.948-04:00  INFO 32982 --- [LogiStock_MS_05_Ordenes_Compra] [main] com.zaxxer.hikari.HikariDataSource       : HikariPool-1 - Starting...
2026-05-27T16:10:41.158-04:00  INFO 32982 --- [LogiStock_MS_05_Ordenes_Compra] [main] com.zaxxer.hikari.pool.HikariPool        : HikariPool-1 - Added connection com.mysql.cj.jdbc.ConnectionImpl@32f308c6
2026-05-27T16:10:41.162-04:00  INFO 32982 --- [LogiStock_MS_05_Ordenes_Compra] [main] com.zaxxer.hikari.HikariDataSource       : HikariPool-1 - Start completed.
2026-05-27T16:10:41.416-04:00  INFO 32982 --- [LogiStock_MS_05_Ordenes_Compra] [main] org.hibernate.orm.connections.pooling    : HHH10001005: Database info:
	Database JDBC URL [Connecting through datasource 'HikariDataSource (HikariPool-1)']
	Database driver: undefined/unknown
	Database version: 8.0.45
	Autocommit mode: undefined/unknown
	Isolation level: undefined/unknown
	Minimum pool size: undefined/unknown
	Maximum pool size: undefined/unknown
2026-05-27T16:10:43.843-04:00  INFO 32982 --- [LogiStock_MS_05_Ordenes_Compra] [main] o.h.e.t.j.p.i.JtaPlatformInitiator       : HHH000489: No JTA platform available (set 'hibernate.transaction.jta.platform' to enable JTA platform integration)
2026-05-27T16:10:44.103-04:00  INFO 32982 --- [LogiStock_MS_05_Ordenes_Compra] [main] j.LocalContainerEntityManagerFactoryBean : Initialized JPA EntityManagerFactory for persistence unit 'default'
2026-05-27T16:10:45.033-04:00  WARN 32982 --- [LogiStock_MS_05_Ordenes_Compra] [main] JpaBaseConfiguration$JpaWebConfiguration : spring.jpa.open-in-view is enabled by default. Therefore, database queries may be performed during view rendering. Explicitly configure spring.jpa.open-in-view to disable this warning
2026-05-27T16:10:46.794-04:00  INFO 32982 --- [LogiStock_MS_05_Ordenes_Compra] [main] o.s.b.w.embedded.tomcat.TomcatWebServer  : Tomcat started on port 8085 (http) with context path '/'
2026-05-27T16:10:46.836-04:00  INFO 32982 --- [LogiStock_MS_05_Ordenes_Compra] [main] .L.LogiStockMs05OrdenesCompraApplication : Started LogiStockMs05OrdenesCompraApplication in 16.499 seconds (process running for 18.165)
2026-05-27T16:11:29.982-04:00  INFO 32982 --- [LogiStock_MS_05_Ordenes_Compra] [SpringApplicationShutdownHook] o.s.b.w.e.tomcat.GracefulShutdown        : Commencing graceful shutdown. Waiting for active requests to complete
2026-05-27T16:11:29.988-04:00  INFO 32982 --- [LogiStock_MS_05_Ordenes_Compra] [tomcat-shutdown] o.s.b.w.e.tomcat.GracefulShutdown        : Graceful shutdown complete
2026-05-27T16:11:30.003-04:00  INFO 32982 --- [LogiStock_MS_05_Ordenes_Compra] [SpringApplicationShutdownHook] j.LocalContainerEntityManagerFactoryBean : Closing JPA EntityManagerFactory for persistence unit 'default'
2026-05-27T16:11:30.009-04:00  INFO 32982 --- [LogiStock_MS_05_Ordenes_Compra] [SpringApplicationShutdownHook] com.zaxxer.hikari.HikariDataSource       : HikariPool-1 - Shutdown initiated...
2026-05-27T16:11:30.031-04:00  INFO 32982 --- [LogiStock_MS_05_Ordenes_Compra] [SpringApplicationShutdownHook] com.zaxxer.hikari.HikariDataSource       : HikariPool-1 - Shutdown completed.
2026-05-27T16:21:50.716-04:00  INFO 37626 --- [LogiStock_MS_05_Ordenes_Compra] [main] .L.LogiStockMs05OrdenesCompraApplication : Starting LogiStockMs05OrdenesCompraApplication using Java 21.0.10 with PID 37626 (/home/sebas/LogiStock_MS/LogiStock_MS_05_Ordenes_Compra/target/classes started by sebas in /home/sebas/LogiStock_MS)
2026-05-27T16:21:50.737-04:00  INFO 37626 --- [LogiStock_MS_05_Ordenes_Compra] [main] .L.LogiStockMs05OrdenesCompraApplication : No active profile set, falling back to 1 default profile: "default"
2026-05-27T16:21:53.033-04:00  INFO 37626 --- [LogiStock_MS_05_Ordenes_Compra] [main] .s.d.r.c.RepositoryConfigurationDelegate : Bootstrapping Spring Data JPA repositories in DEFAULT mode.
2026-05-27T16:21:53.179-04:00  INFO 37626 --- [LogiStock_MS_05_Ordenes_Compra] [main] .s.d.r.c.RepositoryConfigurationDelegate : Finished Spring Data repository scanning in 120 ms. Found 2 JPA repository interfaces.
2026-05-27T16:21:53.718-04:00  INFO 37626 --- [LogiStock_MS_05_Ordenes_Compra] [main] o.s.cloud.context.scope.GenericScope     : BeanFactory id=6b6003d6-f553-39db-a0cc-7c40eafb28d0
2026-05-27T16:21:54.744-04:00  INFO 37626 --- [LogiStock_MS_05_Ordenes_Compra] [main] o.s.b.w.embedded.tomcat.TomcatWebServer  : Tomcat initialized with port 8085 (http)
2026-05-27T16:21:54.786-04:00  INFO 37626 --- [LogiStock_MS_05_Ordenes_Compra] [main] o.apache.catalina.core.StandardService   : Starting service [Tomcat]
2026-05-27T16:21:54.787-04:00  INFO 37626 --- [LogiStock_MS_05_Ordenes_Compra] [main] o.apache.catalina.core.StandardEngine    : Starting Servlet engine: [Apache Tomcat/10.1.36]
2026-05-27T16:21:54.911-04:00  INFO 37626 --- [LogiStock_MS_05_Ordenes_Compra] [main] o.a.c.c.C.[Tomcat].[localhost].[/]       : Initializing Spring embedded WebApplicationContext
2026-05-27T16:21:54.912-04:00  INFO 37626 --- [LogiStock_MS_05_Ordenes_Compra] [main] w.s.c.ServletWebServerApplicationContext : Root WebApplicationContext: initialization completed in 3865 ms
2026-05-27T16:21:55.331-04:00  INFO 37626 --- [LogiStock_MS_05_Ordenes_Compra] [main] o.hibernate.jpa.internal.util.LogHelper  : HHH000204: Processing PersistenceUnitInfo [name: default]
2026-05-27T16:21:55.508-04:00  INFO 37626 --- [LogiStock_MS_05_Ordenes_Compra] [main] org.hibernate.Version                    : HHH000412: Hibernate ORM core version 6.6.8.Final
2026-05-27T16:21:55.653-04:00  INFO 37626 --- [LogiStock_MS_05_Ordenes_Compra] [main] o.h.c.internal.RegionFactoryInitiator    : HHH000026: Second-level cache disabled
2026-05-27T16:21:56.319-04:00  INFO 37626 --- [LogiStock_MS_05_Ordenes_Compra] [main] o.s.o.j.p.SpringPersistenceUnitInfo      : No LoadTimeWeaver setup: ignoring JPA class transformer
2026-05-27T16:21:56.376-04:00  INFO 37626 --- [LogiStock_MS_05_Ordenes_Compra] [main] com.zaxxer.hikari.HikariDataSource       : HikariPool-1 - Starting...
2026-05-27T16:21:57.283-04:00  INFO 37626 --- [LogiStock_MS_05_Ordenes_Compra] [main] com.zaxxer.hikari.pool.HikariPool        : HikariPool-1 - Added connection com.mysql.cj.jdbc.ConnectionImpl@4489f60f
2026-05-27T16:21:57.286-04:00  INFO 37626 --- [LogiStock_MS_05_Ordenes_Compra] [main] com.zaxxer.hikari.HikariDataSource       : HikariPool-1 - Start completed.
2026-05-27T16:21:57.441-04:00  INFO 37626 --- [LogiStock_MS_05_Ordenes_Compra] [main] org.hibernate.orm.connections.pooling    : HHH10001005: Database info:
	Database JDBC URL [Connecting through datasource 'HikariDataSource (HikariPool-1)']
	Database driver: undefined/unknown
	Database version: 8.0.45
	Autocommit mode: undefined/unknown
	Isolation level: undefined/unknown
	Minimum pool size: undefined/unknown
	Maximum pool size: undefined/unknown
2026-05-27T16:21:59.307-04:00  INFO 37626 --- [LogiStock_MS_05_Ordenes_Compra] [main] o.h.e.t.j.p.i.JtaPlatformInitiator       : HHH000489: No JTA platform available (set 'hibernate.transaction.jta.platform' to enable JTA platform integration)
2026-05-27T16:21:59.499-04:00  INFO 37626 --- [LogiStock_MS_05_Ordenes_Compra] [main] j.LocalContainerEntityManagerFactoryBean : Initialized JPA EntityManagerFactory for persistence unit 'default'
2026-05-27T16:22:00.747-04:00  WARN 37626 --- [LogiStock_MS_05_Ordenes_Compra] [main] JpaBaseConfiguration$JpaWebConfiguration : spring.jpa.open-in-view is enabled by default. Therefore, database queries may be performed during view rendering. Explicitly configure spring.jpa.open-in-view to disable this warning
2026-05-27T16:22:02.270-04:00  INFO 37626 --- [LogiStock_MS_05_Ordenes_Compra] [main] o.s.b.w.embedded.tomcat.TomcatWebServer  : Tomcat started on port 8085 (http) with context path '/'
2026-05-27T16:22:02.306-04:00  INFO 37626 --- [LogiStock_MS_05_Ordenes_Compra] [main] .L.LogiStockMs05OrdenesCompraApplication : Started LogiStockMs05OrdenesCompraApplication in 13.075 seconds (process running for 14.478)
2026-05-27T16:22:04.511-04:00  INFO 37626 --- [LogiStock_MS_05_Ordenes_Compra] [SpringApplicationShutdownHook] o.s.b.w.e.tomcat.GracefulShutdown        : Commencing graceful shutdown. Waiting for active requests to complete
2026-05-27T16:22:04.518-04:00  INFO 37626 --- [LogiStock_MS_05_Ordenes_Compra] [tomcat-shutdown] o.s.b.w.e.tomcat.GracefulShutdown        : Graceful shutdown complete
2026-05-27T16:22:04.539-04:00  INFO 37626 --- [LogiStock_MS_05_Ordenes_Compra] [SpringApplicationShutdownHook] j.LocalContainerEntityManagerFactoryBean : Closing JPA EntityManagerFactory for persistence unit 'default'
2026-05-27T16:22:04.544-04:00  INFO 37626 --- [LogiStock_MS_05_Ordenes_Compra] [SpringApplicationShutdownHook] com.zaxxer.hikari.HikariDataSource       : HikariPool-1 - Shutdown initiated...
2026-05-27T16:22:04.579-04:00  INFO 37626 --- [LogiStock_MS_05_Ordenes_Compra] [SpringApplicationShutdownHook] com.zaxxer.hikari.HikariDataSource       : HikariPool-1 - Shutdown completed.
2026-05-27T16:22:08.807-04:00  INFO 37892 --- [LogiStock_MS_05_Ordenes_Compra] [main] .L.LogiStockMs05OrdenesCompraApplication : Starting LogiStockMs05OrdenesCompraApplication using Java 21.0.10 with PID 37892 (/home/sebas/LogiStock_MS/LogiStock_MS_05_Ordenes_Compra/target/classes started by sebas in /home/sebas/LogiStock_MS)
2026-05-27T16:22:08.813-04:00  INFO 37892 --- [LogiStock_MS_05_Ordenes_Compra] [main] .L.LogiStockMs05OrdenesCompraApplication : No active profile set, falling back to 1 default profile: "default"
2026-05-27T16:22:11.098-04:00  INFO 37892 --- [LogiStock_MS_05_Ordenes_Compra] [main] .s.d.r.c.RepositoryConfigurationDelegate : Bootstrapping Spring Data JPA repositories in DEFAULT mode.
2026-05-27T16:22:11.276-04:00  INFO 37892 --- [LogiStock_MS_05_Ordenes_Compra] [main] .s.d.r.c.RepositoryConfigurationDelegate : Finished Spring Data repository scanning in 152 ms. Found 2 JPA repository interfaces.
2026-05-27T16:22:11.711-04:00  INFO 37892 --- [LogiStock_MS_05_Ordenes_Compra] [main] o.s.cloud.context.scope.GenericScope     : BeanFactory id=6b6003d6-f553-39db-a0cc-7c40eafb28d0
2026-05-27T16:22:12.661-04:00  INFO 37892 --- [LogiStock_MS_05_Ordenes_Compra] [main] o.s.b.w.embedded.tomcat.TomcatWebServer  : Tomcat initialized with port 8085 (http)
2026-05-27T16:22:12.700-04:00  INFO 37892 --- [LogiStock_MS_05_Ordenes_Compra] [main] o.apache.catalina.core.StandardService   : Starting service [Tomcat]
2026-05-27T16:22:12.701-04:00  INFO 37892 --- [LogiStock_MS_05_Ordenes_Compra] [main] o.apache.catalina.core.StandardEngine    : Starting Servlet engine: [Apache Tomcat/10.1.36]
2026-05-27T16:22:12.838-04:00  INFO 37892 --- [LogiStock_MS_05_Ordenes_Compra] [main] o.a.c.c.C.[Tomcat].[localhost].[/]       : Initializing Spring embedded WebApplicationContext
2026-05-27T16:22:12.839-04:00  INFO 37892 --- [LogiStock_MS_05_Ordenes_Compra] [main] w.s.c.ServletWebServerApplicationContext : Root WebApplicationContext: initialization completed in 3838 ms
2026-05-27T16:22:13.278-04:00  INFO 37892 --- [LogiStock_MS_05_Ordenes_Compra] [main] o.hibernate.jpa.internal.util.LogHelper  : HHH000204: Processing PersistenceUnitInfo [name: default]
2026-05-27T16:22:13.436-04:00  INFO 37892 --- [LogiStock_MS_05_Ordenes_Compra] [main] org.hibernate.Version                    : HHH000412: Hibernate ORM core version 6.6.8.Final
2026-05-27T16:22:13.572-04:00  INFO 37892 --- [LogiStock_MS_05_Ordenes_Compra] [main] o.h.c.internal.RegionFactoryInitiator    : HHH000026: Second-level cache disabled
2026-05-27T16:22:14.345-04:00  INFO 37892 --- [LogiStock_MS_05_Ordenes_Compra] [main] o.s.o.j.p.SpringPersistenceUnitInfo      : No LoadTimeWeaver setup: ignoring JPA class transformer
2026-05-27T16:22:14.427-04:00  INFO 37892 --- [LogiStock_MS_05_Ordenes_Compra] [main] com.zaxxer.hikari.HikariDataSource       : HikariPool-1 - Starting...
2026-05-27T16:22:15.186-04:00  INFO 37892 --- [LogiStock_MS_05_Ordenes_Compra] [main] com.zaxxer.hikari.pool.HikariPool        : HikariPool-1 - Added connection com.mysql.cj.jdbc.ConnectionImpl@56872fcb
2026-05-27T16:22:15.191-04:00  INFO 37892 --- [LogiStock_MS_05_Ordenes_Compra] [main] com.zaxxer.hikari.HikariDataSource       : HikariPool-1 - Start completed.
2026-05-27T16:22:15.437-04:00  INFO 37892 --- [LogiStock_MS_05_Ordenes_Compra] [main] org.hibernate.orm.connections.pooling    : HHH10001005: Database info:
	Database JDBC URL [Connecting through datasource 'HikariDataSource (HikariPool-1)']
	Database driver: undefined/unknown
	Database version: 8.0.45
	Autocommit mode: undefined/unknown
	Isolation level: undefined/unknown
	Minimum pool size: undefined/unknown
	Maximum pool size: undefined/unknown
2026-05-27T16:22:17.355-04:00  INFO 37892 --- [LogiStock_MS_05_Ordenes_Compra] [main] o.h.e.t.j.p.i.JtaPlatformInitiator       : HHH000489: No JTA platform available (set 'hibernate.transaction.jta.platform' to enable JTA platform integration)
2026-05-27T16:22:17.558-04:00  INFO 37892 --- [LogiStock_MS_05_Ordenes_Compra] [main] j.LocalContainerEntityManagerFactoryBean : Initialized JPA EntityManagerFactory for persistence unit 'default'
2026-05-27T16:22:18.244-04:00  WARN 37892 --- [LogiStock_MS_05_Ordenes_Compra] [main] JpaBaseConfiguration$JpaWebConfiguration : spring.jpa.open-in-view is enabled by default. Therefore, database queries may be performed during view rendering. Explicitly configure spring.jpa.open-in-view to disable this warning
2026-05-27T16:22:19.665-04:00  INFO 37892 --- [LogiStock_MS_05_Ordenes_Compra] [main] o.s.b.w.embedded.tomcat.TomcatWebServer  : Tomcat started on port 8085 (http) with context path '/'
2026-05-27T16:22:19.705-04:00  INFO 37892 --- [LogiStock_MS_05_Ordenes_Compra] [main] .L.LogiStockMs05OrdenesCompraApplication : Started LogiStockMs05OrdenesCompraApplication in 12.212 seconds (process running for 13.501)
2026-05-27T16:22:39.215-04:00  INFO 37892 --- [LogiStock_MS_05_Ordenes_Compra] [http-nio-8085-exec-1] o.a.c.c.C.[Tomcat].[localhost].[/]       : Initializing Spring DispatcherServlet 'dispatcherServlet'
2026-05-27T16:22:39.216-04:00  INFO 37892 --- [LogiStock_MS_05_Ordenes_Compra] [http-nio-8085-exec-1] o.s.web.servlet.DispatcherServlet        : Initializing Servlet 'dispatcherServlet'
2026-05-27T16:22:39.219-04:00  INFO 37892 --- [LogiStock_MS_05_Ordenes_Compra] [http-nio-8085-exec-1] o.s.web.servlet.DispatcherServlet        : Completed initialization in 3 ms
2026-05-27T16:25:19.206-04:00  INFO 37892 --- [LogiStock_MS_05_Ordenes_Compra] [http-nio-8085-exec-5] c.e.L.service.OrdenCompraService         : Consultando todas las órdenes de compra
2026-05-27T16:25:56.745-04:00  INFO 37892 --- [LogiStock_MS_05_Ordenes_Compra] [http-nio-8085-exec-6] c.e.L.service.OrdenCompraService         : Creando una nueva orden de compra para el proveedor ID: 99999
2026-05-27T16:25:56.771-04:00 ERROR 37892 --- [LogiStock_MS_05_Ordenes_Compra] [http-nio-8085-exec-6] c.e.L.service.OrdenCompraService         : No se pudo validar el proveedor ID: 99999. Error: Conexión rehusada executing GET http://localhost:8083/api/proveedores/99999
2026-05-27T16:25:56.774-04:00 ERROR 37892 --- [LogiStock_MS_05_Ordenes_Compra] [http-nio-8085-exec-6] c.e.L.service.OrdenCompraService         : Error validando producto ID: 1. Error: Conexión rehusada executing GET http://localhost:8081/api/v1/productos/1
2026-05-27T16:25:56.941-04:00  INFO 37892 --- [LogiStock_MS_05_Ordenes_Compra] [http-nio-8085-exec-6] c.e.L.service.OrdenCompraService         : Orden de compra creada con ID: 1
2026-05-27T16:26:45.211-04:00  INFO 37892 --- [LogiStock_MS_05_Ordenes_Compra] [http-nio-8085-exec-7] c.e.L.service.OrdenCompraService         : Creando una nueva orden de compra para el proveedor ID: 1
2026-05-27T16:26:45.214-04:00 ERROR 37892 --- [LogiStock_MS_05_Ordenes_Compra] [http-nio-8085-exec-7] c.e.L.service.OrdenCompraService         : No se pudo validar el proveedor ID: 1. Error: Conexión rehusada executing GET http://localhost:8083/api/proveedores/1
2026-05-27T16:26:45.216-04:00 ERROR 37892 --- [LogiStock_MS_05_Ordenes_Compra] [http-nio-8085-exec-7] c.e.L.service.OrdenCompraService         : Error validando producto ID: 99999. Error: Conexión rehusada executing GET http://localhost:8081/api/v1/productos/99999
2026-05-27T16:26:45.237-04:00  INFO 37892 --- [LogiStock_MS_05_Ordenes_Compra] [http-nio-8085-exec-7] c.e.L.service.OrdenCompraService         : Orden de compra creada con ID: 2
2026-05-27T16:27:25.525-04:00  INFO 37892 --- [LogiStock_MS_05_Ordenes_Compra] [http-nio-8085-exec-8] c.e.L.service.OrdenCompraService         : Creando una nueva orden de compra para el proveedor ID: 1
2026-05-27T16:27:25.527-04:00 ERROR 37892 --- [LogiStock_MS_05_Ordenes_Compra] [http-nio-8085-exec-8] c.e.L.service.OrdenCompraService         : No se pudo validar el proveedor ID: 1. Error: Conexión rehusada executing GET http://localhost:8083/api/proveedores/1
2026-05-27T16:27:25.529-04:00 ERROR 37892 --- [LogiStock_MS_05_Ordenes_Compra] [http-nio-8085-exec-8] c.e.L.service.OrdenCompraService         : Error validando producto ID: 1. Error: Conexión rehusada executing GET http://localhost:8081/api/v1/productos/1
2026-05-27T16:27:25.570-04:00  INFO 37892 --- [LogiStock_MS_05_Ordenes_Compra] [http-nio-8085-exec-8] c.e.L.service.OrdenCompraService         : Orden de compra creada con ID: 3
2026-05-27T16:27:52.510-04:00  INFO 37892 --- [LogiStock_MS_05_Ordenes_Compra] [SpringApplicationShutdownHook] o.s.b.w.e.tomcat.GracefulShutdown        : Commencing graceful shutdown. Waiting for active requests to complete
2026-05-27T16:27:52.515-04:00  INFO 37892 --- [LogiStock_MS_05_Ordenes_Compra] [tomcat-shutdown] o.s.b.w.e.tomcat.GracefulShutdown        : Graceful shutdown complete
2026-05-27T16:27:52.529-04:00  INFO 37892 --- [LogiStock_MS_05_Ordenes_Compra] [SpringApplicationShutdownHook] j.LocalContainerEntityManagerFactoryBean : Closing JPA EntityManagerFactory for persistence unit 'default'
2026-05-27T16:27:52.534-04:00  INFO 37892 --- [LogiStock_MS_05_Ordenes_Compra] [SpringApplicationShutdownHook] com.zaxxer.hikari.HikariDataSource       : HikariPool-1 - Shutdown initiated...
2026-05-27T16:27:52.559-04:00  INFO 37892 --- [LogiStock_MS_05_Ordenes_Compra] [SpringApplicationShutdownHook] com.zaxxer.hikari.HikariDataSource       : HikariPool-1 - Shutdown completed.
