2026-05-20T19:23:48.242-04:00  INFO 14600 --- [LogiStock_MS_02_Inventario] [main] c.e.L.LogiStockMs02Application           : Starting LogiStockMs02Application using Java 21.0.9 with PID 14600 (C:\Users\va-alumno\Desktop\LogiStock_MS\LogiStock_MS_02_Inventario\target\classes started by VA-Alumno in C:\Users\va-alumno\Desktop\LogiStock_MS\LogiStock_MS_02_Inventario)
2026-05-20T19:23:48.244-04:00  INFO 14600 --- [LogiStock_MS_02_Inventario] [main] c.e.L.LogiStockMs02Application           : No active profile set, falling back to 1 default profile: "default"
2026-05-20T19:23:48.528-04:00  INFO 14600 --- [LogiStock_MS_02_Inventario] [main] .s.d.r.c.RepositoryConfigurationDelegate : Bootstrapping Spring Data JPA repositories in DEFAULT mode.
2026-05-20T19:23:48.555-04:00  INFO 14600 --- [LogiStock_MS_02_Inventario] [main] .s.d.r.c.RepositoryConfigurationDelegate : Finished Spring Data repository scanning in 21 ms. Found 1 JPA repository interface.
2026-05-20T19:23:48.776-04:00  INFO 14600 --- [LogiStock_MS_02_Inventario] [main] o.s.boot.tomcat.TomcatWebServer          : Tomcat initialized with port 8082 (http)
2026-05-20T19:23:48.785-04:00  INFO 14600 --- [LogiStock_MS_02_Inventario] [main] o.apache.catalina.core.StandardService   : Starting service [Tomcat]
2026-05-20T19:23:48.785-04:00  INFO 14600 --- [LogiStock_MS_02_Inventario] [main] o.apache.catalina.core.StandardEngine    : Starting Servlet engine: [Apache Tomcat/11.0.21]
2026-05-20T19:23:48.810-04:00  INFO 14600 --- [LogiStock_MS_02_Inventario] [main] b.w.c.s.WebApplicationContextInitializer : Root WebApplicationContext: initialization completed in 545 ms
2026-05-20T19:23:48.890-04:00  INFO 14600 --- [LogiStock_MS_02_Inventario] [main] org.hibernate.orm.jpa                    : HHH008540: Processing PersistenceUnitInfo [name: default]
2026-05-20T19:23:48.912-04:00  INFO 14600 --- [LogiStock_MS_02_Inventario] [main] org.hibernate.orm.core                   : HHH000001: Hibernate ORM core version 7.2.12.Final
2026-05-20T19:23:49.116-04:00  INFO 14600 --- [LogiStock_MS_02_Inventario] [main] o.s.o.j.p.SpringPersistenceUnitInfo      : No LoadTimeWeaver setup: ignoring JPA class transformer
2026-05-20T19:23:49.132-04:00  INFO 14600 --- [LogiStock_MS_02_Inventario] [main] com.zaxxer.hikari.HikariDataSource       : HikariPool-1 - Starting...
2026-05-20T19:23:49.218-04:00  INFO 14600 --- [LogiStock_MS_02_Inventario] [main] com.zaxxer.hikari.pool.HikariPool        : HikariPool-1 - Added connection com.mysql.cj.jdbc.ConnectionImpl@61eab26b
2026-05-20T19:23:49.220-04:00  INFO 14600 --- [LogiStock_MS_02_Inventario] [main] com.zaxxer.hikari.HikariDataSource       : HikariPool-1 - Start completed.
2026-05-20T19:23:49.245-04:00  WARN 14600 --- [LogiStock_MS_02_Inventario] [main] org.hibernate.orm.core                   : HHH000511: The 5.5.5 version for [org.hibernate.dialect.MySQLDialect] is no longer supported, hence certain features may not work properly.The minimum supported version is 8.0.0. Check the community dialects project for available legacy versions.
2026-05-20T19:23:49.255-04:00  INFO 14600 --- [LogiStock_MS_02_Inventario] [main] org.hibernate.orm.connections.pooling    : HHH10001005: Database info:
	Database JDBC URL [jdbc:mysql://localhost:3306/logiStock_MS_02]
	Database driver: MySQL Connector/J
	Database dialect: MySQLDialect
	Database version: 5.5.5
	Default catalog/schema: logiStock_MS_02/undefined
	Autocommit mode: undefined/unknown
	Isolation level: REPEATABLE_READ [default REPEATABLE_READ]
	JDBC fetch size: none
	Pool: DataSourceConnectionProvider
	Minimum pool size: undefined/unknown
	Maximum pool size: undefined/unknown
2026-05-20T19:23:49.713-04:00  INFO 14600 --- [LogiStock_MS_02_Inventario] [main] org.hibernate.orm.core                   : HHH000489: No JTA platform available (set 'hibernate.transaction.jta.platform' to enable JTA platform integration)
2026-05-20T19:23:49.739-04:00  INFO 14600 --- [LogiStock_MS_02_Inventario] [main] j.LocalContainerEntityManagerFactoryBean : Initialized JPA EntityManagerFactory for persistence unit 'default'
2026-05-20T19:23:49.778-04:00  INFO 14600 --- [LogiStock_MS_02_Inventario] [main] o.s.d.j.r.query.QueryEnhancerFactories   : Hibernate is in classpath; If applicable, HQL parser will be used.
2026-05-20T19:23:49.869-04:00  WARN 14600 --- [LogiStock_MS_02_Inventario] [main] JpaBaseConfiguration$JpaWebConfiguration : spring.jpa.open-in-view is enabled by default. Therefore, database queries may be performed during view rendering. Explicitly configure spring.jpa.open-in-view to disable this warning
2026-05-20T19:23:50.021-04:00  INFO 14600 --- [LogiStock_MS_02_Inventario] [main] o.s.boot.tomcat.TomcatWebServer          : Tomcat started on port 8082 (http) with context path '/'
2026-05-20T19:23:50.024-04:00  INFO 14600 --- [LogiStock_MS_02_Inventario] [main] c.e.L.LogiStockMs02Application           : Started LogiStockMs02Application in 2.015 seconds (process running for 2.219)
2026-05-20T19:23:57.222-04:00  INFO 14600 --- [LogiStock_MS_02_Inventario] [SpringApplicationShutdownHook] o.s.boot.tomcat.GracefulShutdown         : Commencing graceful shutdown. Waiting for active requests to complete
2026-05-20T19:23:57.228-04:00  INFO 14600 --- [LogiStock_MS_02_Inventario] [tomcat-shutdown] o.s.boot.tomcat.GracefulShutdown         : Graceful shutdown complete
2026-05-20T19:23:57.230-04:00  INFO 14600 --- [LogiStock_MS_02_Inventario] [SpringApplicationShutdownHook] j.LocalContainerEntityManagerFactoryBean : Closing JPA EntityManagerFactory for persistence unit 'default'
2026-05-20T19:23:57.231-04:00  INFO 14600 --- [LogiStock_MS_02_Inventario] [SpringApplicationShutdownHook] com.zaxxer.hikari.HikariDataSource       : HikariPool-1 - Shutdown initiated...
2026-05-20T19:23:57.235-04:00  INFO 14600 --- [LogiStock_MS_02_Inventario] [SpringApplicationShutdownHook] com.zaxxer.hikari.HikariDataSource       : HikariPool-1 - Shutdown completed.
